running egg_info
creating ../../build/integration/integration.egg-info
writing ../../build/integration/integration.egg-info/PKG-INFO
writing dependency_links to ../../build/integration/integration.egg-info/dependency_links.txt
writing entry points to ../../build/integration/integration.egg-info/entry_points.txt
writing requirements to ../../build/integration/integration.egg-info/requires.txt
writing top-level names to ../../build/integration/integration.egg-info/top_level.txt
writing manifest file '../../build/integration/integration.egg-info/SOURCES.txt'
reading manifest file '../../build/integration/integration.egg-info/SOURCES.txt'
writing manifest file '../../build/integration/integration.egg-info/SOURCES.txt'
running build
running build_py
creating /home/kyw10987/workspace/build/integration/build
creating /home/kyw10987/workspace/build/integration/build/lib
creating /home/kyw10987/workspace/build/integration/build/lib/integration
copying integration/__init__.py -> /home/kyw10987/workspace/build/integration/build/lib/integration
running install
running install_lib
creating /home/kyw10987/workspace/install/integration/lib/python3.10/site-packages/integration
copying /home/kyw10987/workspace/build/integration/build/lib/integration/__init__.py -> /home/kyw10987/workspace/install/integration/lib/python3.10/site-packages/integration
byte-compiling /home/kyw10987/workspace/install/integration/lib/python3.10/site-packages/integration/__init__.py to __init__.cpython-310.pyc
running install_data
creating /home/kyw10987/workspace/install/integration/share/ament_index
creating /home/kyw10987/workspace/install/integration/share/ament_index/resource_index
creating /home/kyw10987/workspace/install/integration/share/ament_index/resource_index/packages
copying resource/integration -> /home/kyw10987/workspace/install/integration/share/ament_index/resource_index/packages
copying package.xml -> /home/kyw10987/workspace/install/integration/share/integration
creating /home/kyw10987/workspace/install/integration/share/integration/launch
copying integration/launch/launch.py -> /home/kyw10987/workspace/install/integration/share/integration/launch
running install_egg_info
Copying ../../build/integration/integration.egg-info to /home/kyw10987/workspace/install/integration/lib/python3.10/site-packages/integration-0.0.0-py3.10.egg-info
running install_scripts
writing list of installed files to '/home/kyw10987/workspace/build/integration/install.log'
