[0.305s] Invoking command in '/home/kyw10987/workspace/build/pub_node_cpp': CMAKE_PREFIX_PATH=${CMAKE_PREFIX_PATH}:/home/kyw10987/workspace/install/image_viewer:/home/kyw10987/workspace/install/sub_node:/home/kyw10987/workspace/install/pub_node:/opt/ros/humble /usr/bin/cmake --build /home/kyw10987/workspace/build/pub_node_cpp -- -j16 -l16
[0.444s] [35m[1mConsolidate compiler generated dependencies of target publisher[0m
[0.445s] [100%] Built target publisher
[0.448s] Invoked command in '/home/kyw10987/workspace/build/pub_node_cpp' returned '0': CMAKE_PREFIX_PATH=${CMAKE_PREFIX_PATH}:/home/kyw10987/workspace/install/image_viewer:/home/kyw10987/workspace/install/sub_node:/home/kyw10987/workspace/install/pub_node:/opt/ros/humble /usr/bin/cmake --build /home/kyw10987/workspace/build/pub_node_cpp -- -j16 -l16
[0.454s] Invoking command in '/home/kyw10987/workspace/build/pub_node_cpp': CMAKE_PREFIX_PATH=${CMAKE_PREFIX_PATH}:/home/kyw10987/workspace/install/image_viewer:/home/kyw10987/workspace/install/sub_node:/home/kyw10987/workspace/install/pub_node:/opt/ros/humble /usr/bin/cmake --install /home/kyw10987/workspace/build/pub_node_cpp
[0.461s] -- Install configuration: ""
[0.461s] -- Up-to-date: /home/kyw10987/workspace/install/pub_node_cpp/lib/pub_node_cpp/publisher
[0.461s] -- Up-to-date: /home/kyw10987/workspace/install/pub_node_cpp/share/ament_index/resource_index/package_run_dependencies/pub_node_cpp
[0.461s] -- Up-to-date: /home/kyw10987/workspace/install/pub_node_cpp/share/ament_index/resource_index/parent_prefix_path/pub_node_cpp
[0.461s] -- Up-to-date: /home/kyw10987/workspace/install/pub_node_cpp/share/pub_node_cpp/environment/ament_prefix_path.sh
[0.461s] -- Up-to-date: /home/kyw10987/workspace/install/pub_node_cpp/share/pub_node_cpp/environment/ament_prefix_path.dsv
[0.461s] -- Up-to-date: /home/kyw10987/workspace/install/pub_node_cpp/share/pub_node_cpp/environment/path.sh
[0.462s] -- Up-to-date: /home/kyw10987/workspace/install/pub_node_cpp/share/pub_node_cpp/environment/path.dsv
[0.462s] -- Up-to-date: /home/kyw10987/workspace/install/pub_node_cpp/share/pub_node_cpp/local_setup.bash
[0.462s] -- Up-to-date: /home/kyw10987/workspace/install/pub_node_cpp/share/pub_node_cpp/local_setup.sh
[0.462s] -- Up-to-date: /home/kyw10987/workspace/install/pub_node_cpp/share/pub_node_cpp/local_setup.zsh
[0.462s] -- Up-to-date: /home/kyw10987/workspace/install/pub_node_cpp/share/pub_node_cpp/local_setup.dsv
[0.462s] -- Installing: /home/kyw10987/workspace/install/pub_node_cpp/share/pub_node_cpp/package.dsv
[0.462s] -- Up-to-date: /home/kyw10987/workspace/install/pub_node_cpp/share/ament_index/resource_index/packages/pub_node_cpp
[0.462s] -- Up-to-date: /home/kyw10987/workspace/install/pub_node_cpp/share/pub_node_cpp/cmake/pub_node_cppConfig.cmake
[0.462s] -- Up-to-date: /home/kyw10987/workspace/install/pub_node_cpp/share/pub_node_cpp/cmake/pub_node_cppConfig-version.cmake
[0.462s] -- Up-to-date: /home/kyw10987/workspace/install/pub_node_cpp/share/pub_node_cpp/package.xml
[0.465s] Invoked command in '/home/kyw10987/workspace/build/pub_node_cpp' returned '0': CMAKE_PREFIX_PATH=${CMAKE_PREFIX_PATH}:/home/kyw10987/workspace/install/image_viewer:/home/kyw10987/workspace/install/sub_node:/home/kyw10987/workspace/install/pub_node:/opt/ros/humble /usr/bin/cmake --install /home/kyw10987/workspace/build/pub_node_cpp
