[0.501s] Invoking command in '/home/kyw10987/workspace/src/pub_node': PYTHONPATH=/home/kyw10987/workspace/build/pub_node/prefix_override:/usr/lib/python3/dist-packages/colcon_core/task/python/colcon_distutils_commands:/home/kyw10987/workspace/install/pub_node/lib/python3.10/site-packages:${PYTHONPATH} /usr/bin/python3 -W ignore:setup.py install is deprecated -W ignore:easy_install command is deprecated setup.py egg_info --egg-base ../../build/pub_node build --build-base /home/kyw10987/workspace/build/pub_node/build install --record /home/kyw10987/workspace/build/pub_node/install.log --single-version-externally-managed install_data
[0.625s] running egg_info
[0.626s] writing ../../build/pub_node/pub_node.egg-info/PKG-INFO
[0.626s] writing dependency_links to ../../build/pub_node/pub_node.egg-info/dependency_links.txt
[0.626s] writing entry points to ../../build/pub_node/pub_node.egg-info/entry_points.txt
[0.626s] writing requirements to ../../build/pub_node/pub_node.egg-info/requires.txt
[0.626s] writing top-level names to ../../build/pub_node/pub_node.egg-info/top_level.txt
[0.627s] reading manifest file '../../build/pub_node/pub_node.egg-info/SOURCES.txt'
[0.628s] writing manifest file '../../build/pub_node/pub_node.egg-info/SOURCES.txt'
[0.628s] running build
[0.628s] running build_py
[0.628s] copying pub_node/publisher.py -> /home/kyw10987/workspace/build/pub_node/build/lib/pub_node
[0.629s] running install
[0.629s] running install_lib
[0.629s] copying /home/kyw10987/workspace/build/pub_node/build/lib/pub_node/publisher.py -> /home/kyw10987/workspace/install/pub_node/lib/python3.10/site-packages/pub_node
[0.630s] byte-compiling /home/kyw10987/workspace/install/pub_node/lib/python3.10/site-packages/pub_node/publisher.py to publisher.cpython-310.pyc
[0.630s] running install_data
[0.631s] running install_egg_info
[0.633s] removing '/home/kyw10987/workspace/install/pub_node/lib/python3.10/site-packages/pub_node-0.0.0-py3.10.egg-info' (and everything under it)
[0.633s] Copying ../../build/pub_node/pub_node.egg-info to /home/kyw10987/workspace/install/pub_node/lib/python3.10/site-packages/pub_node-0.0.0-py3.10.egg-info
[0.633s] running install_scripts
[0.646s] Installing publisher script to /home/kyw10987/workspace/install/pub_node/lib/pub_node
[0.646s] writing list of installed files to '/home/kyw10987/workspace/build/pub_node/install.log'
[0.660s] Invoked command in '/home/kyw10987/workspace/src/pub_node' returned '0': PYTHONPATH=/home/kyw10987/workspace/build/pub_node/prefix_override:/usr/lib/python3/dist-packages/colcon_core/task/python/colcon_distutils_commands:/home/kyw10987/workspace/install/pub_node/lib/python3.10/site-packages:${PYTHONPATH} /usr/bin/python3 -W ignore:setup.py install is deprecated -W ignore:easy_install command is deprecated setup.py egg_info --egg-base ../../build/pub_node build --build-base /home/kyw10987/workspace/build/pub_node/build install --record /home/kyw10987/workspace/build/pub_node/install.log --single-version-externally-managed install_data
