[0.311s] Invoking command in '/home/kyw10987/workspace/build/pub_node_cpp': CMAKE_PREFIX_PATH=/home/kyw10987/workspace/install/sub_node:/home/kyw10987/workspace/install/pub_node:/opt/ros/humble /usr/bin/cmake /home/kyw10987/workspace/src/pub_node_cpp -DCMAKE_INSTALL_PREFIX=/home/kyw10987/workspace/install/pub_node_cpp
[0.573s] -- The C compiler identification is GNU 11.4.0
[1.018s] -- The CXX compiler identification is GNU 11.4.0
[1.250s] -- Detecting C compiler ABI info
[1.339s] -- Detecting C compiler ABI info - done
[1.344s] -- Check for working C compiler: /usr/bin/cc - skipped
[1.345s] -- Detecting C compile features
[1.346s] -- Detecting C compile features - done
[1.349s] -- Detecting CXX compiler ABI info
[1.441s] -- Detecting CXX compiler ABI info - done
[1.447s] -- Check for working CXX compiler: /usr/bin/c++ - skipped
[1.448s] -- Detecting CXX compile features
[1.448s] -- Detecting CXX compile features - done
[1.451s] -- Found ament_cmake: 1.3.11 (/opt/ros/humble/share/ament_cmake/cmake)
[1.549s] -- Found Python3: /usr/bin/python3 (found version "3.10.12") found components: Interpreter 
[1.635s] -- Found rclcpp: 16.0.12 (/opt/ros/humble/share/rclcpp/cmake)
[1.745s] -- Found rosidl_generator_c: 3.1.6 (/opt/ros/humble/share/rosidl_generator_c/cmake)
[1.754s] -- Found rosidl_adapter: 3.1.6 (/opt/ros/humble/share/rosidl_adapter/cmake)
[1.763s] -- Found rosidl_generator_cpp: 3.1.6 (/opt/ros/humble/share/rosidl_generator_cpp/cmake)
[1.778s] -- Using all available rosidl_typesupport_c: rosidl_typesupport_fastrtps_c;rosidl_typesupport_introspection_c
[1.793s] -- Using all available rosidl_typesupport_cpp: rosidl_typesupport_fastrtps_cpp;rosidl_typesupport_introspection_cpp
[1.839s] -- Found rmw_implementation_cmake: 6.1.2 (/opt/ros/humble/share/rmw_implementation_cmake/cmake)
[1.842s] -- Found rmw_fastrtps_cpp: 6.2.7 (/opt/ros/humble/share/rmw_fastrtps_cpp/cmake)
[2.228s] -- Found OpenSSL: /usr/lib/x86_64-linux-gnu/libcrypto.so (found version "3.0.2")  
[2.660s] -- Found FastRTPS: /opt/ros/humble/include  
[3.370s] -- Using RMW implementation 'rmw_fastrtps_cpp' as default
[3.381s] -- Looking for pthread.h
[3.481s] -- Looking for pthread.h - found
[3.481s] -- Performing Test CMAKE_HAVE_LIBC_PTHREAD
[3.564s] -- Performing Test CMAKE_HAVE_LIBC_PTHREAD - Success
[3.565s] -- Found Threads: TRUE  
[3.614s] -- Found ament_lint_auto: 0.12.12 (/opt/ros/humble/share/ament_lint_auto/cmake)
[3.668s] -- Added test 'cppcheck' to perform static code analysis on C / C++ code
[3.668s] -- Configured cppcheck include dirs: 
[3.668s] -- Configured cppcheck exclude dirs and/or files: 
[3.669s] -- Added test 'lint_cmake' to check CMake code style
[3.670s] -- Added test 'uncrustify' to check C / C++ code style
[3.671s] -- Configured uncrustify additional arguments: 
[3.671s] -- Added test 'xmllint' to check XML markup files
[3.673s] -- Configuring done
[3.678s] -- Generating done
[3.680s] -- Build files have been written to: /home/kyw10987/workspace/build/pub_node_cpp
[3.688s] Invoked command in '/home/kyw10987/workspace/build/pub_node_cpp' returned '0': CMAKE_PREFIX_PATH=/home/kyw10987/workspace/install/sub_node:/home/kyw10987/workspace/install/pub_node:/opt/ros/humble /usr/bin/cmake /home/kyw10987/workspace/src/pub_node_cpp -DCMAKE_INSTALL_PREFIX=/home/kyw10987/workspace/install/pub_node_cpp
[3.690s] Invoking command in '/home/kyw10987/workspace/build/pub_node_cpp': CMAKE_PREFIX_PATH=/home/kyw10987/workspace/install/sub_node:/home/kyw10987/workspace/install/pub_node:/opt/ros/humble /usr/bin/cmake --build /home/kyw10987/workspace/build/pub_node_cpp -- -j16 -l16
[3.713s] [ 50%] [32mBuilding CXX object CMakeFiles/publisher.dir/src/publisher.cpp.o[0m
[6.466s] [100%] [32m[1mLinking CXX executable publisher[0m
[6.652s] [100%] Built target publisher
[6.657s] Invoked command in '/home/kyw10987/workspace/build/pub_node_cpp' returned '0': CMAKE_PREFIX_PATH=/home/kyw10987/workspace/install/sub_node:/home/kyw10987/workspace/install/pub_node:/opt/ros/humble /usr/bin/cmake --build /home/kyw10987/workspace/build/pub_node_cpp -- -j16 -l16
[6.663s] Invoking command in '/home/kyw10987/workspace/build/pub_node_cpp': CMAKE_PREFIX_PATH=/home/kyw10987/workspace/install/sub_node:/home/kyw10987/workspace/install/pub_node:/opt/ros/humble /usr/bin/cmake --install /home/kyw10987/workspace/build/pub_node_cpp
[6.666s] -- Install configuration: ""
[6.667s] -- Installing: /home/kyw10987/workspace/install/pub_node_cpp/lib/pub_node_cpp/publisher
[6.668s] -- Set runtime path of "/home/kyw10987/workspace/install/pub_node_cpp/lib/pub_node_cpp/publisher" to ""
[6.668s] -- Installing: /home/kyw10987/workspace/install/pub_node_cpp/share/ament_index/resource_index/package_run_dependencies/pub_node_cpp
[6.669s] -- Installing: /home/kyw10987/workspace/install/pub_node_cpp/share/ament_index/resource_index/parent_prefix_path/pub_node_cpp
[6.669s] -- Installing: /home/kyw10987/workspace/install/pub_node_cpp/share/pub_node_cpp/environment/ament_prefix_path.sh
[6.669s] -- Installing: /home/kyw10987/workspace/install/pub_node_cpp/share/pub_node_cpp/environment/ament_prefix_path.dsv
[6.670s] -- Installing: /home/kyw10987/workspace/install/pub_node_cpp/share/pub_node_cpp/environment/path.sh
[6.670s] -- Installing: /home/kyw10987/workspace/install/pub_node_cpp/share/pub_node_cpp/environment/path.dsv
[6.670s] -- Installing: /home/kyw10987/workspace/install/pub_node_cpp/share/pub_node_cpp/local_setup.bash
[6.670s] -- Installing: /home/kyw10987/workspace/install/pub_node_cpp/share/pub_node_cpp/local_setup.sh
[6.670s] -- Installing: /home/kyw10987/workspace/install/pub_node_cpp/share/pub_node_cpp/local_setup.zsh
[6.670s] -- Installing: /home/kyw10987/workspace/install/pub_node_cpp/share/pub_node_cpp/local_setup.dsv
[6.670s] -- Installing: /home/kyw10987/workspace/install/pub_node_cpp/share/pub_node_cpp/package.dsv
[6.670s] -- Installing: /home/kyw10987/workspace/install/pub_node_cpp/share/ament_index/resource_index/packages/pub_node_cpp
[6.670s] -- Installing: /home/kyw10987/workspace/install/pub_node_cpp/share/pub_node_cpp/cmake/pub_node_cppConfig.cmake
[6.671s] -- Installing: /home/kyw10987/workspace/install/pub_node_cpp/share/pub_node_cpp/cmake/pub_node_cppConfig-version.cmake
[6.671s] -- Installing: /home/kyw10987/workspace/install/pub_node_cpp/share/pub_node_cpp/package.xml
[6.673s] Invoked command in '/home/kyw10987/workspace/build/pub_node_cpp' returned '0': CMAKE_PREFIX_PATH=/home/kyw10987/workspace/install/sub_node:/home/kyw10987/workspace/install/pub_node:/opt/ros/humble /usr/bin/cmake --install /home/kyw10987/workspace/build/pub_node_cpp
