[0.198s] DEBUG:colcon:Command line arguments: ['/usr/bin/colcon', 'build']
[0.198s] DEBUG:colcon:Parsed command line arguments: Namespace(log_base=None, log_level=None, verb_name='build', build_base='build', install_base='install', merge_install=False, symlink_install=False, test_result_base=None, continue_on_error=False, executor='parallel', parallel_workers=16, event_handlers=None, ignore_user_meta=False, metas=['./colcon.meta'], base_paths=['.'], packages_ignore=None, packages_ignore_regex=None, paths=None, packages_up_to=None, packages_up_to_regex=None, packages_above=None, packages_above_and_dependencies=None, packages_above_depth=None, packages_select_by_dep=None, packages_skip_by_dep=None, packages_skip_up_to=None, packages_select_build_failed=False, packages_skip_build_finished=False, packages_select_test_failures=False, packages_skip_test_passed=False, packages_select=None, packages_skip=None, packages_select_regex=None, packages_skip_regex=None, packages_start=None, packages_end=None, allow_overriding=[], cmake_args=None, cmake_target=None, cmake_target_skip_unavailable=False, cmake_clean_cache=False, cmake_clean_first=False, cmake_force_configure=False, ament_cmake_args=None, catkin_cmake_args=None, catkin_skip_building_tests=False, verb_parser=<colcon_defaults.argument_parser.defaults.DefaultArgumentsDecorator object at 0x7f938456f4c0>, verb_extension=<colcon_core.verb.build.BuildVerb object at 0x7f938456ef80>, main=<bound method BuildVerb.main of <colcon_core.verb.build.BuildVerb object at 0x7f938456ef80>>)
[0.446s] Level 1:colcon.colcon_core.package_discovery:discover_packages(colcon_meta) check parameters
[0.446s] Level 1:colcon.colcon_core.package_discovery:discover_packages(recursive) check parameters
[0.446s] Level 1:colcon.colcon_core.package_discovery:discover_packages(ignore) check parameters
[0.446s] Level 1:colcon.colcon_core.package_discovery:discover_packages(path) check parameters
[0.446s] Level 1:colcon.colcon_core.package_discovery:discover_packages(colcon_meta) discover
[0.446s] Level 1:colcon.colcon_core.package_discovery:discover_packages(recursive) discover
[0.447s] INFO:colcon.colcon_core.package_discovery:Crawling recursively for packages in '/home/kyw10987/workspace'
[0.447s] Level 1:colcon.colcon_core.package_identification:_identify(.) by extensions ['ignore', 'ignore_ament_install']
[0.447s] Level 1:colcon.colcon_core.package_identification:_identify(.) by extension 'ignore'
[0.447s] Level 1:colcon.colcon_core.package_identification:_identify(.) by extension 'ignore_ament_install'
[0.447s] Level 1:colcon.colcon_core.package_identification:_identify(.) by extensions ['colcon_pkg']
[0.447s] Level 1:colcon.colcon_core.package_identification:_identify(.) by extension 'colcon_pkg'
[0.447s] Level 1:colcon.colcon_core.package_identification:_identify(.) by extensions ['colcon_meta']
[0.447s] Level 1:colcon.colcon_core.package_identification:_identify(.) by extension 'colcon_meta'
[0.447s] Level 1:colcon.colcon_core.package_identification:_identify(.) by extensions ['ros']
[0.447s] Level 1:colcon.colcon_core.package_identification:_identify(.) by extension 'ros'
[0.455s] Level 1:colcon.colcon_core.package_identification:_identify(.) by extensions ['cmake', 'python']
[0.455s] Level 1:colcon.colcon_core.package_identification:_identify(.) by extension 'cmake'
[0.455s] Level 1:colcon.colcon_core.package_identification:_identify(.) by extension 'python'
[0.455s] Level 1:colcon.colcon_core.package_identification:_identify(.) by extensions ['python_setup_py']
[0.455s] Level 1:colcon.colcon_core.package_identification:_identify(.) by extension 'python_setup_py'
[0.455s] Level 1:colcon.colcon_core.package_identification:_identify(build) by extensions ['ignore', 'ignore_ament_install']
[0.455s] Level 1:colcon.colcon_core.package_identification:_identify(build) by extension 'ignore'
[0.455s] Level 1:colcon.colcon_core.package_identification:_identify(build) ignored
[0.455s] Level 1:colcon.colcon_core.package_identification:_identify(install) by extensions ['ignore', 'ignore_ament_install']
[0.455s] Level 1:colcon.colcon_core.package_identification:_identify(install) by extension 'ignore'
[0.455s] Level 1:colcon.colcon_core.package_identification:_identify(install) ignored
[0.455s] Level 1:colcon.colcon_core.package_identification:_identify(log) by extensions ['ignore', 'ignore_ament_install']
[0.455s] Level 1:colcon.colcon_core.package_identification:_identify(log) by extension 'ignore'
[0.455s] Level 1:colcon.colcon_core.package_identification:_identify(log) ignored
[0.455s] Level 1:colcon.colcon_core.package_identification:_identify(src) by extensions ['ignore', 'ignore_ament_install']
[0.456s] Level 1:colcon.colcon_core.package_identification:_identify(src) by extension 'ignore'
[0.456s] Level 1:colcon.colcon_core.package_identification:_identify(src) by extension 'ignore_ament_install'
[0.456s] Level 1:colcon.colcon_core.package_identification:_identify(src) by extensions ['colcon_pkg']
[0.456s] Level 1:colcon.colcon_core.package_identification:_identify(src) by extension 'colcon_pkg'
[0.456s] Level 1:colcon.colcon_core.package_identification:_identify(src) by extensions ['colcon_meta']
[0.456s] Level 1:colcon.colcon_core.package_identification:_identify(src) by extension 'colcon_meta'
[0.456s] Level 1:colcon.colcon_core.package_identification:_identify(src) by extensions ['ros']
[0.456s] Level 1:colcon.colcon_core.package_identification:_identify(src) by extension 'ros'
[0.456s] Level 1:colcon.colcon_core.package_identification:_identify(src) by extensions ['cmake', 'python']
[0.456s] Level 1:colcon.colcon_core.package_identification:_identify(src) by extension 'cmake'
[0.456s] Level 1:colcon.colcon_core.package_identification:_identify(src) by extension 'python'
[0.456s] Level 1:colcon.colcon_core.package_identification:_identify(src) by extensions ['python_setup_py']
[0.456s] Level 1:colcon.colcon_core.package_identification:_identify(src) by extension 'python_setup_py'
[0.457s] Level 1:colcon.colcon_core.package_identification:_identify(src/image_viewer) by extensions ['ignore', 'ignore_ament_install']
[0.457s] Level 1:colcon.colcon_core.package_identification:_identify(src/image_viewer) by extension 'ignore'
[0.457s] Level 1:colcon.colcon_core.package_identification:_identify(src/image_viewer) by extension 'ignore_ament_install'
[0.457s] Level 1:colcon.colcon_core.package_identification:_identify(src/image_viewer) by extensions ['colcon_pkg']
[0.457s] Level 1:colcon.colcon_core.package_identification:_identify(src/image_viewer) by extension 'colcon_pkg'
[0.457s] Level 1:colcon.colcon_core.package_identification:_identify(src/image_viewer) by extensions ['colcon_meta']
[0.457s] Level 1:colcon.colcon_core.package_identification:_identify(src/image_viewer) by extension 'colcon_meta'
[0.457s] Level 1:colcon.colcon_core.package_identification:_identify(src/image_viewer) by extensions ['ros']
[0.457s] Level 1:colcon.colcon_core.package_identification:_identify(src/image_viewer) by extension 'ros'
[0.458s] DEBUG:colcon.colcon_core.package_identification:Package 'src/image_viewer' with type 'ros.ament_python' and name 'image_viewer'
[0.459s] Level 1:colcon.colcon_core.package_identification:_identify(src/pub_node) by extensions ['ignore', 'ignore_ament_install']
[0.459s] Level 1:colcon.colcon_core.package_identification:_identify(src/pub_node) by extension 'ignore'
[0.459s] Level 1:colcon.colcon_core.package_identification:_identify(src/pub_node) by extension 'ignore_ament_install'
[0.459s] Level 1:colcon.colcon_core.package_identification:_identify(src/pub_node) by extensions ['colcon_pkg']
[0.459s] Level 1:colcon.colcon_core.package_identification:_identify(src/pub_node) by extension 'colcon_pkg'
[0.459s] Level 1:colcon.colcon_core.package_identification:_identify(src/pub_node) by extensions ['colcon_meta']
[0.459s] Level 1:colcon.colcon_core.package_identification:_identify(src/pub_node) by extension 'colcon_meta'
[0.459s] Level 1:colcon.colcon_core.package_identification:_identify(src/pub_node) by extensions ['ros']
[0.459s] Level 1:colcon.colcon_core.package_identification:_identify(src/pub_node) by extension 'ros'
[0.459s] DEBUG:colcon.colcon_core.package_identification:Package 'src/pub_node' with type 'ros.ament_python' and name 'pub_node'
[0.459s] Level 1:colcon.colcon_core.package_identification:_identify(src/pub_node_cpp) by extensions ['ignore', 'ignore_ament_install']
[0.459s] Level 1:colcon.colcon_core.package_identification:_identify(src/pub_node_cpp) by extension 'ignore'
[0.460s] Level 1:colcon.colcon_core.package_identification:_identify(src/pub_node_cpp) by extension 'ignore_ament_install'
[0.460s] Level 1:colcon.colcon_core.package_identification:_identify(src/pub_node_cpp) by extensions ['colcon_pkg']
[0.460s] Level 1:colcon.colcon_core.package_identification:_identify(src/pub_node_cpp) by extension 'colcon_pkg'
[0.460s] Level 1:colcon.colcon_core.package_identification:_identify(src/pub_node_cpp) by extensions ['colcon_meta']
[0.460s] Level 1:colcon.colcon_core.package_identification:_identify(src/pub_node_cpp) by extension 'colcon_meta'
[0.460s] Level 1:colcon.colcon_core.package_identification:_identify(src/pub_node_cpp) by extensions ['ros']
[0.460s] Level 1:colcon.colcon_core.package_identification:_identify(src/pub_node_cpp) by extension 'ros'
[0.460s] DEBUG:colcon.colcon_core.package_identification:Package 'src/pub_node_cpp' with type 'ros.ament_cmake' and name 'pub_node_cpp'
[0.460s] Level 1:colcon.colcon_core.package_identification:_identify(src/sub_node) by extensions ['ignore', 'ignore_ament_install']
[0.460s] Level 1:colcon.colcon_core.package_identification:_identify(src/sub_node) by extension 'ignore'
[0.460s] Level 1:colcon.colcon_core.package_identification:_identify(src/sub_node) by extension 'ignore_ament_install'
[0.460s] Level 1:colcon.colcon_core.package_identification:_identify(src/sub_node) by extensions ['colcon_pkg']
[0.460s] Level 1:colcon.colcon_core.package_identification:_identify(src/sub_node) by extension 'colcon_pkg'
[0.460s] Level 1:colcon.colcon_core.package_identification:_identify(src/sub_node) by extensions ['colcon_meta']
[0.460s] Level 1:colcon.colcon_core.package_identification:_identify(src/sub_node) by extension 'colcon_meta'
[0.460s] Level 1:colcon.colcon_core.package_identification:_identify(src/sub_node) by extensions ['ros']
[0.460s] Level 1:colcon.colcon_core.package_identification:_identify(src/sub_node) by extension 'ros'
[0.461s] DEBUG:colcon.colcon_core.package_identification:Package 'src/sub_node' with type 'ros.ament_python' and name 'sub_node'
[0.461s] Level 1:colcon.colcon_core.package_identification:_identify(src/sub_node_cpp) by extensions ['ignore', 'ignore_ament_install']
[0.461s] Level 1:colcon.colcon_core.package_identification:_identify(src/sub_node_cpp) by extension 'ignore'
[0.461s] Level 1:colcon.colcon_core.package_identification:_identify(src/sub_node_cpp) by extension 'ignore_ament_install'
[0.461s] Level 1:colcon.colcon_core.package_identification:_identify(src/sub_node_cpp) by extensions ['colcon_pkg']
[0.461s] Level 1:colcon.colcon_core.package_identification:_identify(src/sub_node_cpp) by extension 'colcon_pkg'
[0.461s] Level 1:colcon.colcon_core.package_identification:_identify(src/sub_node_cpp) by extensions ['colcon_meta']
[0.461s] Level 1:colcon.colcon_core.package_identification:_identify(src/sub_node_cpp) by extension 'colcon_meta'
[0.461s] Level 1:colcon.colcon_core.package_identification:_identify(src/sub_node_cpp) by extensions ['ros']
[0.461s] Level 1:colcon.colcon_core.package_identification:_identify(src/sub_node_cpp) by extension 'ros'
[0.461s] DEBUG:colcon.colcon_core.package_identification:Package 'src/sub_node_cpp' with type 'ros.ament_cmake' and name 'sub_node_cpp'
[0.461s] Level 1:colcon.colcon_core.package_discovery:discover_packages(recursive) using defaults
[0.461s] Level 1:colcon.colcon_core.package_discovery:discover_packages(ignore) discover
[0.461s] Level 1:colcon.colcon_core.package_discovery:discover_packages(ignore) using defaults
[0.461s] Level 1:colcon.colcon_core.package_discovery:discover_packages(path) discover
[0.461s] Level 1:colcon.colcon_core.package_discovery:discover_packages(path) using defaults
[0.488s] Level 1:colcon.colcon_core.package_discovery:discover_packages(prefix_path) check parameters
[0.488s] Level 1:colcon.colcon_core.package_discovery:discover_packages(prefix_path) discover
[0.491s] DEBUG:colcon.colcon_installed_package_information.package_discovery:Found 2 installed packages in /home/kyw10987/workspace/install
[0.492s] DEBUG:colcon.colcon_installed_package_information.package_discovery:Found 271 installed packages in /opt/ros/humble
[0.493s] Level 1:colcon.colcon_core.package_discovery:discover_packages(prefix_path) using defaults
[0.521s] Level 5:colcon.colcon_core.verb:set package 'image_viewer' build argument 'cmake_args' from command line to 'None'
[0.521s] Level 5:colcon.colcon_core.verb:set package 'image_viewer' build argument 'cmake_target' from command line to 'None'
[0.521s] Level 5:colcon.colcon_core.verb:set package 'image_viewer' build argument 'cmake_target_skip_unavailable' from command line to 'False'
[0.521s] Level 5:colcon.colcon_core.verb:set package 'image_viewer' build argument 'cmake_clean_cache' from command line to 'False'
[0.521s] Level 5:colcon.colcon_core.verb:set package 'image_viewer' build argument 'cmake_clean_first' from command line to 'False'
[0.521s] Level 5:colcon.colcon_core.verb:set package 'image_viewer' build argument 'cmake_force_configure' from command line to 'False'
[0.521s] Level 5:colcon.colcon_core.verb:set package 'image_viewer' build argument 'ament_cmake_args' from command line to 'None'
[0.521s] Level 5:colcon.colcon_core.verb:set package 'image_viewer' build argument 'catkin_cmake_args' from command line to 'None'
[0.521s] Level 5:colcon.colcon_core.verb:set package 'image_viewer' build argument 'catkin_skip_building_tests' from command line to 'False'
[0.521s] DEBUG:colcon.colcon_core.verb:Building package 'image_viewer' with the following arguments: {'ament_cmake_args': None, 'build_base': '/home/kyw10987/workspace/build/image_viewer', 'catkin_cmake_args': None, 'catkin_skip_building_tests': False, 'cmake_args': None, 'cmake_clean_cache': False, 'cmake_clean_first': False, 'cmake_force_configure': False, 'cmake_target': None, 'cmake_target_skip_unavailable': False, 'install_base': '/home/kyw10987/workspace/install/image_viewer', 'merge_install': False, 'path': '/home/kyw10987/workspace/src/image_viewer', 'symlink_install': False, 'test_result_base': None}
[0.522s] Level 5:colcon.colcon_core.verb:set package 'pub_node' build argument 'cmake_args' from command line to 'None'
[0.522s] Level 5:colcon.colcon_core.verb:set package 'pub_node' build argument 'cmake_target' from command line to 'None'
[0.522s] Level 5:colcon.colcon_core.verb:set package 'pub_node' build argument 'cmake_target_skip_unavailable' from command line to 'False'
[0.522s] Level 5:colcon.colcon_core.verb:set package 'pub_node' build argument 'cmake_clean_cache' from command line to 'False'
[0.522s] Level 5:colcon.colcon_core.verb:set package 'pub_node' build argument 'cmake_clean_first' from command line to 'False'
[0.522s] Level 5:colcon.colcon_core.verb:set package 'pub_node' build argument 'cmake_force_configure' from command line to 'False'
[0.522s] Level 5:colcon.colcon_core.verb:set package 'pub_node' build argument 'ament_cmake_args' from command line to 'None'
[0.522s] Level 5:colcon.colcon_core.verb:set package 'pub_node' build argument 'catkin_cmake_args' from command line to 'None'
[0.522s] Level 5:colcon.colcon_core.verb:set package 'pub_node' build argument 'catkin_skip_building_tests' from command line to 'False'
[0.522s] DEBUG:colcon.colcon_core.verb:Building package 'pub_node' with the following arguments: {'ament_cmake_args': None, 'build_base': '/home/kyw10987/workspace/build/pub_node', 'catkin_cmake_args': None, 'catkin_skip_building_tests': False, 'cmake_args': None, 'cmake_clean_cache': False, 'cmake_clean_first': False, 'cmake_force_configure': False, 'cmake_target': None, 'cmake_target_skip_unavailable': False, 'install_base': '/home/kyw10987/workspace/install/pub_node', 'merge_install': False, 'path': '/home/kyw10987/workspace/src/pub_node', 'symlink_install': False, 'test_result_base': None}
[0.522s] Level 5:colcon.colcon_core.verb:set package 'pub_node_cpp' build argument 'cmake_args' from command line to 'None'
[0.522s] Level 5:colcon.colcon_core.verb:set package 'pub_node_cpp' build argument 'cmake_target' from command line to 'None'
[0.522s] Level 5:colcon.colcon_core.verb:set package 'pub_node_cpp' build argument 'cmake_target_skip_unavailable' from command line to 'False'
[0.522s] Level 5:colcon.colcon_core.verb:set package 'pub_node_cpp' build argument 'cmake_clean_cache' from command line to 'False'
[0.522s] Level 5:colcon.colcon_core.verb:set package 'pub_node_cpp' build argument 'cmake_clean_first' from command line to 'False'
[0.522s] Level 5:colcon.colcon_core.verb:set package 'pub_node_cpp' build argument 'cmake_force_configure' from command line to 'False'
[0.522s] Level 5:colcon.colcon_core.verb:set package 'pub_node_cpp' build argument 'ament_cmake_args' from command line to 'None'
[0.522s] Level 5:colcon.colcon_core.verb:set package 'pub_node_cpp' build argument 'catkin_cmake_args' from command line to 'None'
[0.522s] Level 5:colcon.colcon_core.verb:set package 'pub_node_cpp' build argument 'catkin_skip_building_tests' from command line to 'False'
[0.522s] DEBUG:colcon.colcon_core.verb:Building package 'pub_node_cpp' with the following arguments: {'ament_cmake_args': None, 'build_base': '/home/kyw10987/workspace/build/pub_node_cpp', 'catkin_cmake_args': None, 'catkin_skip_building_tests': False, 'cmake_args': None, 'cmake_clean_cache': False, 'cmake_clean_first': False, 'cmake_force_configure': False, 'cmake_target': None, 'cmake_target_skip_unavailable': False, 'install_base': '/home/kyw10987/workspace/install/pub_node_cpp', 'merge_install': False, 'path': '/home/kyw10987/workspace/src/pub_node_cpp', 'symlink_install': False, 'test_result_base': None}
[0.522s] Level 5:colcon.colcon_core.verb:set package 'sub_node' build argument 'cmake_args' from command line to 'None'
[0.522s] Level 5:colcon.colcon_core.verb:set package 'sub_node' build argument 'cmake_target' from command line to 'None'
[0.522s] Level 5:colcon.colcon_core.verb:set package 'sub_node' build argument 'cmake_target_skip_unavailable' from command line to 'False'
[0.522s] Level 5:colcon.colcon_core.verb:set package 'sub_node' build argument 'cmake_clean_cache' from command line to 'False'
[0.522s] Level 5:colcon.colcon_core.verb:set package 'sub_node' build argument 'cmake_clean_first' from command line to 'False'
[0.522s] Level 5:colcon.colcon_core.verb:set package 'sub_node' build argument 'cmake_force_configure' from command line to 'False'
[0.522s] Level 5:colcon.colcon_core.verb:set package 'sub_node' build argument 'ament_cmake_args' from command line to 'None'
[0.522s] Level 5:colcon.colcon_core.verb:set package 'sub_node' build argument 'catkin_cmake_args' from command line to 'None'
[0.522s] Level 5:colcon.colcon_core.verb:set package 'sub_node' build argument 'catkin_skip_building_tests' from command line to 'False'
[0.522s] DEBUG:colcon.colcon_core.verb:Building package 'sub_node' with the following arguments: {'ament_cmake_args': None, 'build_base': '/home/kyw10987/workspace/build/sub_node', 'catkin_cmake_args': None, 'catkin_skip_building_tests': False, 'cmake_args': None, 'cmake_clean_cache': False, 'cmake_clean_first': False, 'cmake_force_configure': False, 'cmake_target': None, 'cmake_target_skip_unavailable': False, 'install_base': '/home/kyw10987/workspace/install/sub_node', 'merge_install': False, 'path': '/home/kyw10987/workspace/src/sub_node', 'symlink_install': False, 'test_result_base': None}
[0.522s] Level 5:colcon.colcon_core.verb:set package 'sub_node_cpp' build argument 'cmake_args' from command line to 'None'
[0.522s] Level 5:colcon.colcon_core.verb:set package 'sub_node_cpp' build argument 'cmake_target' from command line to 'None'
[0.522s] Level 5:colcon.colcon_core.verb:set package 'sub_node_cpp' build argument 'cmake_target_skip_unavailable' from command line to 'False'
[0.523s] Level 5:colcon.colcon_core.verb:set package 'sub_node_cpp' build argument 'cmake_clean_cache' from command line to 'False'
[0.523s] Level 5:colcon.colcon_core.verb:set package 'sub_node_cpp' build argument 'cmake_clean_first' from command line to 'False'
[0.523s] Level 5:colcon.colcon_core.verb:set package 'sub_node_cpp' build argument 'cmake_force_configure' from command line to 'False'
[0.523s] Level 5:colcon.colcon_core.verb:set package 'sub_node_cpp' build argument 'ament_cmake_args' from command line to 'None'
[0.523s] Level 5:colcon.colcon_core.verb:set package 'sub_node_cpp' build argument 'catkin_cmake_args' from command line to 'None'
[0.523s] Level 5:colcon.colcon_core.verb:set package 'sub_node_cpp' build argument 'catkin_skip_building_tests' from command line to 'False'
[0.523s] DEBUG:colcon.colcon_core.verb:Building package 'sub_node_cpp' with the following arguments: {'ament_cmake_args': None, 'build_base': '/home/kyw10987/workspace/build/sub_node_cpp', 'catkin_cmake_args': None, 'catkin_skip_building_tests': False, 'cmake_args': None, 'cmake_clean_cache': False, 'cmake_clean_first': False, 'cmake_force_configure': False, 'cmake_target': None, 'cmake_target_skip_unavailable': False, 'install_base': '/home/kyw10987/workspace/install/sub_node_cpp', 'merge_install': False, 'path': '/home/kyw10987/workspace/src/sub_node_cpp', 'symlink_install': False, 'test_result_base': None}
[0.523s] INFO:colcon.colcon_core.executor:Executing jobs using 'parallel' executor
[0.523s] DEBUG:colcon.colcon_parallel_executor.executor.parallel:run_until_complete
[0.524s] INFO:colcon.colcon_ros.task.ament_python.build:Building ROS package in '/home/kyw10987/workspace/src/image_viewer' with build type 'ament_python'
[0.524s] Level 1:colcon.colcon_core.shell:create_environment_hook('image_viewer', 'ament_prefix_path')
[0.530s] INFO:colcon.colcon_core.plugin_system:Skipping extension 'colcon_core.shell.bat': Not used on non-Windows systems
[0.530s] INFO:colcon.colcon_core.shell:Creating environment hook '/home/kyw10987/workspace/install/image_viewer/share/image_viewer/hook/ament_prefix_path.ps1'
[0.531s] INFO:colcon.colcon_core.shell:Creating environment descriptor '/home/kyw10987/workspace/install/image_viewer/share/image_viewer/hook/ament_prefix_path.dsv'
[0.533s] INFO:colcon.colcon_core.shell:Creating environment hook '/home/kyw10987/workspace/install/image_viewer/share/image_viewer/hook/ament_prefix_path.sh'
[0.534s] INFO:colcon.colcon_core.shell:Skip shell extension 'powershell' for command environment: Not usable outside of PowerShell
[0.534s] DEBUG:colcon.colcon_core.shell:Skip shell extension 'dsv' for command environment
[0.536s] INFO:colcon.colcon_ros.task.ament_python.build:Building ROS package in '/home/kyw10987/workspace/src/pub_node' with build type 'ament_python'
[0.537s] Level 1:colcon.colcon_core.shell:create_environment_hook('pub_node', 'ament_prefix_path')
[0.537s] INFO:colcon.colcon_core.shell:Creating environment hook '/home/kyw10987/workspace/install/pub_node/share/pub_node/hook/ament_prefix_path.ps1'
[0.537s] INFO:colcon.colcon_core.shell:Creating environment descriptor '/home/kyw10987/workspace/install/pub_node/share/pub_node/hook/ament_prefix_path.dsv'
[0.538s] INFO:colcon.colcon_core.shell:Creating environment hook '/home/kyw10987/workspace/install/pub_node/share/pub_node/hook/ament_prefix_path.sh'
[0.539s] INFO:colcon.colcon_core.shell:Skip shell extension 'powershell' for command environment: Not usable outside of PowerShell
[0.539s] DEBUG:colcon.colcon_core.shell:Skip shell extension 'dsv' for command environment
[0.541s] INFO:colcon.colcon_ros.task.ament_cmake.build:Building ROS package in '/home/kyw10987/workspace/src/pub_node_cpp' with build type 'ament_cmake'
[0.541s] INFO:colcon.colcon_cmake.task.cmake.build:Building CMake package in '/home/kyw10987/workspace/src/pub_node_cpp'
[0.542s] INFO:colcon.colcon_core.shell:Skip shell extension 'powershell' for command environment: Not usable outside of PowerShell
[0.542s] DEBUG:colcon.colcon_core.shell:Skip shell extension 'dsv' for command environment
[0.545s] INFO:colcon.colcon_ros.task.ament_python.build:Building ROS package in '/home/kyw10987/workspace/src/sub_node' with build type 'ament_python'
[0.546s] Level 1:colcon.colcon_core.shell:create_environment_hook('sub_node', 'ament_prefix_path')
[0.546s] INFO:colcon.colcon_core.shell:Creating environment hook '/home/kyw10987/workspace/install/sub_node/share/sub_node/hook/ament_prefix_path.ps1'
[0.547s] INFO:colcon.colcon_core.shell:Creating environment descriptor '/home/kyw10987/workspace/install/sub_node/share/sub_node/hook/ament_prefix_path.dsv'
[0.548s] INFO:colcon.colcon_core.shell:Creating environment hook '/home/kyw10987/workspace/install/sub_node/share/sub_node/hook/ament_prefix_path.sh'
[0.548s] INFO:colcon.colcon_core.shell:Skip shell extension 'powershell' for command environment: Not usable outside of PowerShell
[0.548s] DEBUG:colcon.colcon_core.shell:Skip shell extension 'dsv' for command environment
[0.551s] INFO:colcon.colcon_ros.task.ament_cmake.build:Building ROS package in '/home/kyw10987/workspace/src/sub_node_cpp' with build type 'ament_cmake'
[0.552s] INFO:colcon.colcon_cmake.task.cmake.build:Building CMake package in '/home/kyw10987/workspace/src/sub_node_cpp'
[0.552s] INFO:colcon.colcon_core.shell:Skip shell extension 'powershell' for command environment: Not usable outside of PowerShell
[0.552s] DEBUG:colcon.colcon_core.shell:Skip shell extension 'dsv' for command environment
[0.714s] INFO:colcon.colcon_core.task.python.build:Building Python package in '/home/kyw10987/workspace/src/image_viewer'
[0.715s] INFO:colcon.colcon_core.shell:Skip shell extension 'powershell' for command environment: Not usable outside of PowerShell
[0.715s] DEBUG:colcon.colcon_core.shell:Skip shell extension 'dsv' for command environment
[0.848s] INFO:colcon.colcon_core.task.python.build:Building Python package in '/home/kyw10987/workspace/src/pub_node'
[0.849s] INFO:colcon.colcon_core.shell:Skip shell extension 'powershell' for command environment: Not usable outside of PowerShell
[0.849s] DEBUG:colcon.colcon_core.shell:Skip shell extension 'dsv' for command environment
[0.852s] DEBUG:colcon.colcon_core.event_handler.log_command:Invoking command in '/home/kyw10987/workspace/build/pub_node_cpp': CMAKE_PREFIX_PATH=/home/kyw10987/workspace/install/sub_node:/home/kyw10987/workspace/install/pub_node:/opt/ros/humble /usr/bin/cmake /home/kyw10987/workspace/src/pub_node_cpp -DCMAKE_INSTALL_PREFIX=/home/kyw10987/workspace/install/pub_node_cpp
[0.995s] INFO:colcon.colcon_core.task.python.build:Building Python package in '/home/kyw10987/workspace/src/sub_node'
[0.995s] INFO:colcon.colcon_core.shell:Skip shell extension 'powershell' for command environment: Not usable outside of PowerShell
[0.995s] DEBUG:colcon.colcon_core.shell:Skip shell extension 'dsv' for command environment
[1.000s] DEBUG:colcon.colcon_core.event_handler.log_command:Invoking command in '/home/kyw10987/workspace/build/sub_node_cpp': CMAKE_PREFIX_PATH=/home/kyw10987/workspace/install/sub_node:/home/kyw10987/workspace/install/pub_node:/opt/ros/humble /usr/bin/cmake /home/kyw10987/workspace/src/sub_node_cpp -DCMAKE_INSTALL_PREFIX=/home/kyw10987/workspace/install/sub_node_cpp
[1.381s] DEBUG:colcon.colcon_core.event_handler.log_command:Invoking command in '/home/kyw10987/workspace/src/sub_node': PYTHONPATH=/home/kyw10987/workspace/build/sub_node/prefix_override:/usr/lib/python3/dist-packages/colcon_core/task/python/colcon_distutils_commands:/home/kyw10987/workspace/install/sub_node/lib/python3.10/site-packages:${PYTHONPATH} /usr/bin/python3 -W ignore:setup.py install is deprecated -W ignore:easy_install command is deprecated setup.py egg_info --egg-base ../../build/sub_node build --build-base /home/kyw10987/workspace/build/sub_node/build install --record /home/kyw10987/workspace/build/sub_node/install.log --single-version-externally-managed install_data
[1.384s] DEBUG:colcon.colcon_core.event_handler.log_command:Invoking command in '/home/kyw10987/workspace/src/image_viewer': PYTHONPATH=/home/kyw10987/workspace/build/image_viewer/prefix_override:/usr/lib/python3/dist-packages/colcon_core/task/python/colcon_distutils_commands:/home/kyw10987/workspace/install/image_viewer/lib/python3.10/site-packages:${PYTHONPATH} /usr/bin/python3 -W ignore:setup.py install is deprecated -W ignore:easy_install command is deprecated setup.py egg_info --egg-base ../../build/image_viewer build --build-base /home/kyw10987/workspace/build/image_viewer/build install --record /home/kyw10987/workspace/build/image_viewer/install.log --single-version-externally-managed install_data
[1.384s] DEBUG:colcon.colcon_core.event_handler.log_command:Invoking command in '/home/kyw10987/workspace/src/pub_node': PYTHONPATH=/home/kyw10987/workspace/build/pub_node/prefix_override:/usr/lib/python3/dist-packages/colcon_core/task/python/colcon_distutils_commands:/home/kyw10987/workspace/install/pub_node/lib/python3.10/site-packages:${PYTHONPATH} /usr/bin/python3 -W ignore:setup.py install is deprecated -W ignore:easy_install command is deprecated setup.py egg_info --egg-base ../../build/pub_node build --build-base /home/kyw10987/workspace/build/pub_node/build install --record /home/kyw10987/workspace/build/pub_node/install.log --single-version-externally-managed install_data
[1.562s] DEBUG:colcon.colcon_core.event_handler.log_command:Invoked command in '/home/kyw10987/workspace/src/image_viewer' returned '0': PYTHONPATH=/home/kyw10987/workspace/build/image_viewer/prefix_override:/usr/lib/python3/dist-packages/colcon_core/task/python/colcon_distutils_commands:/home/kyw10987/workspace/install/image_viewer/lib/python3.10/site-packages:${PYTHONPATH} /usr/bin/python3 -W ignore:setup.py install is deprecated -W ignore:easy_install command is deprecated setup.py egg_info --egg-base ../../build/image_viewer build --build-base /home/kyw10987/workspace/build/image_viewer/build install --record /home/kyw10987/workspace/build/image_viewer/install.log --single-version-externally-managed install_data
[1.567s] Level 1:colcon.colcon_core.environment:checking '/home/kyw10987/workspace/install/image_viewer' for CMake module files
[1.567s] Level 1:colcon.colcon_core.environment:checking '/home/kyw10987/workspace/install/image_viewer' for CMake config files
[1.568s] Level 1:colcon.colcon_core.environment:checking '/home/kyw10987/workspace/install/image_viewer/lib'
[1.568s] Level 1:colcon.colcon_core.environment:checking '/home/kyw10987/workspace/install/image_viewer/bin'
[1.568s] Level 1:colcon.colcon_core.environment:checking '/home/kyw10987/workspace/install/image_viewer/lib/pkgconfig/image_viewer.pc'
[1.568s] Level 1:colcon.colcon_core.environment:checking '/home/kyw10987/workspace/install/image_viewer/lib/python3.10/site-packages'
[1.568s] Level 1:colcon.colcon_core.shell:create_environment_hook('image_viewer', 'pythonpath')
[1.568s] INFO:colcon.colcon_core.shell:Creating environment hook '/home/kyw10987/workspace/install/image_viewer/share/image_viewer/hook/pythonpath.ps1'
[1.569s] INFO:colcon.colcon_core.shell:Creating environment descriptor '/home/kyw10987/workspace/install/image_viewer/share/image_viewer/hook/pythonpath.dsv'
[1.569s] INFO:colcon.colcon_core.shell:Creating environment hook '/home/kyw10987/workspace/install/image_viewer/share/image_viewer/hook/pythonpath.sh'
[1.569s] Level 1:colcon.colcon_core.environment:checking '/home/kyw10987/workspace/install/image_viewer/bin'
[1.569s] Level 1:colcon.colcon_core.environment:create_environment_scripts_only(image_viewer)
[1.569s] INFO:colcon.colcon_core.shell:Creating package script '/home/kyw10987/workspace/install/image_viewer/share/image_viewer/package.ps1'
[1.570s] INFO:colcon.colcon_core.shell:Creating package descriptor '/home/kyw10987/workspace/install/image_viewer/share/image_viewer/package.dsv'
[1.571s] INFO:colcon.colcon_core.shell:Creating package script '/home/kyw10987/workspace/install/image_viewer/share/image_viewer/package.sh'
[1.572s] INFO:colcon.colcon_core.shell:Creating package script '/home/kyw10987/workspace/install/image_viewer/share/image_viewer/package.bash'
[1.572s] INFO:colcon.colcon_core.shell:Creating package script '/home/kyw10987/workspace/install/image_viewer/share/image_viewer/package.zsh'
[1.573s] Level 1:colcon.colcon_core.environment:create_file_with_runtime_dependencies(/home/kyw10987/workspace/install/image_viewer/share/colcon-core/packages/image_viewer)
[1.575s] Level 1:colcon.colcon_core.environment:checking '/home/kyw10987/workspace/install/pub_node' for CMake module files
[1.575s] DEBUG:colcon.colcon_core.event_handler.log_command:Invoked command in '/home/kyw10987/workspace/src/pub_node' returned '0': PYTHONPATH=/home/kyw10987/workspace/build/pub_node/prefix_override:/usr/lib/python3/dist-packages/colcon_core/task/python/colcon_distutils_commands:/home/kyw10987/workspace/install/pub_node/lib/python3.10/site-packages:${PYTHONPATH} /usr/bin/python3 -W ignore:setup.py install is deprecated -W ignore:easy_install command is deprecated setup.py egg_info --egg-base ../../build/pub_node build --build-base /home/kyw10987/workspace/build/pub_node/build install --record /home/kyw10987/workspace/build/pub_node/install.log --single-version-externally-managed install_data
[1.575s] Level 1:colcon.colcon_core.environment:checking '/home/kyw10987/workspace/install/pub_node' for CMake config files
[1.576s] Level 1:colcon.colcon_core.environment:checking '/home/kyw10987/workspace/install/pub_node/lib'
[1.576s] Level 1:colcon.colcon_core.environment:checking '/home/kyw10987/workspace/install/pub_node/bin'
[1.576s] Level 1:colcon.colcon_core.environment:checking '/home/kyw10987/workspace/install/pub_node/lib/pkgconfig/pub_node.pc'
[1.576s] Level 1:colcon.colcon_core.environment:checking '/home/kyw10987/workspace/install/pub_node/lib/python3.10/site-packages'
[1.576s] Level 1:colcon.colcon_core.shell:create_environment_hook('pub_node', 'pythonpath')
[1.576s] INFO:colcon.colcon_core.shell:Creating environment hook '/home/kyw10987/workspace/install/pub_node/share/pub_node/hook/pythonpath.ps1'
[1.576s] INFO:colcon.colcon_core.shell:Creating environment descriptor '/home/kyw10987/workspace/install/pub_node/share/pub_node/hook/pythonpath.dsv'
[1.577s] INFO:colcon.colcon_core.shell:Creating environment hook '/home/kyw10987/workspace/install/pub_node/share/pub_node/hook/pythonpath.sh'
[1.577s] Level 1:colcon.colcon_core.environment:checking '/home/kyw10987/workspace/install/pub_node/bin'
[1.577s] Level 1:colcon.colcon_core.environment:create_environment_scripts_only(pub_node)
[1.577s] INFO:colcon.colcon_core.shell:Creating package script '/home/kyw10987/workspace/install/pub_node/share/pub_node/package.ps1'
[1.578s] INFO:colcon.colcon_core.shell:Creating package descriptor '/home/kyw10987/workspace/install/pub_node/share/pub_node/package.dsv'
[1.578s] INFO:colcon.colcon_core.shell:Creating package script '/home/kyw10987/workspace/install/pub_node/share/pub_node/package.sh'
[1.578s] INFO:colcon.colcon_core.shell:Creating package script '/home/kyw10987/workspace/install/pub_node/share/pub_node/package.bash'
[1.578s] INFO:colcon.colcon_core.shell:Creating package script '/home/kyw10987/workspace/install/pub_node/share/pub_node/package.zsh'
[1.578s] Level 1:colcon.colcon_core.environment:create_file_with_runtime_dependencies(/home/kyw10987/workspace/install/pub_node/share/colcon-core/packages/pub_node)
[1.579s] Level 1:colcon.colcon_core.environment:checking '/home/kyw10987/workspace/install/sub_node' for CMake module files
[1.580s] Level 1:colcon.colcon_core.environment:checking '/home/kyw10987/workspace/install/sub_node' for CMake config files
[1.580s] DEBUG:colcon.colcon_core.event_handler.log_command:Invoked command in '/home/kyw10987/workspace/src/sub_node' returned '0': PYTHONPATH=/home/kyw10987/workspace/build/sub_node/prefix_override:/usr/lib/python3/dist-packages/colcon_core/task/python/colcon_distutils_commands:/home/kyw10987/workspace/install/sub_node/lib/python3.10/site-packages:${PYTHONPATH} /usr/bin/python3 -W ignore:setup.py install is deprecated -W ignore:easy_install command is deprecated setup.py egg_info --egg-base ../../build/sub_node build --build-base /home/kyw10987/workspace/build/sub_node/build install --record /home/kyw10987/workspace/build/sub_node/install.log --single-version-externally-managed install_data
[1.580s] Level 1:colcon.colcon_core.environment:checking '/home/kyw10987/workspace/install/sub_node/lib'
[1.580s] Level 1:colcon.colcon_core.environment:checking '/home/kyw10987/workspace/install/sub_node/bin'
[1.580s] Level 1:colcon.colcon_core.environment:checking '/home/kyw10987/workspace/install/sub_node/lib/pkgconfig/sub_node.pc'
[1.581s] Level 1:colcon.colcon_core.environment:checking '/home/kyw10987/workspace/install/sub_node/lib/python3.10/site-packages'
[1.581s] Level 1:colcon.colcon_core.shell:create_environment_hook('sub_node', 'pythonpath')
[1.581s] INFO:colcon.colcon_core.shell:Creating environment hook '/home/kyw10987/workspace/install/sub_node/share/sub_node/hook/pythonpath.ps1'
[1.581s] INFO:colcon.colcon_core.shell:Creating environment descriptor '/home/kyw10987/workspace/install/sub_node/share/sub_node/hook/pythonpath.dsv'
[1.581s] INFO:colcon.colcon_core.shell:Creating environment hook '/home/kyw10987/workspace/install/sub_node/share/sub_node/hook/pythonpath.sh'
[1.582s] Level 1:colcon.colcon_core.environment:checking '/home/kyw10987/workspace/install/sub_node/bin'
[1.582s] Level 1:colcon.colcon_core.environment:create_environment_scripts_only(sub_node)
[1.582s] INFO:colcon.colcon_core.shell:Creating package script '/home/kyw10987/workspace/install/sub_node/share/sub_node/package.ps1'
[1.582s] INFO:colcon.colcon_core.shell:Creating package descriptor '/home/kyw10987/workspace/install/sub_node/share/sub_node/package.dsv'
[1.582s] INFO:colcon.colcon_core.shell:Creating package script '/home/kyw10987/workspace/install/sub_node/share/sub_node/package.sh'
[1.583s] INFO:colcon.colcon_core.shell:Creating package script '/home/kyw10987/workspace/install/sub_node/share/sub_node/package.bash'
[1.583s] INFO:colcon.colcon_core.shell:Creating package script '/home/kyw10987/workspace/install/sub_node/share/sub_node/package.zsh'
[1.583s] Level 1:colcon.colcon_core.environment:create_file_with_runtime_dependencies(/home/kyw10987/workspace/install/sub_node/share/colcon-core/packages/sub_node)
[4.227s] DEBUG:colcon.colcon_core.event_handler.log_command:Invoked command in '/home/kyw10987/workspace/build/sub_node_cpp' returned '0': CMAKE_PREFIX_PATH=/home/kyw10987/workspace/install/sub_node:/home/kyw10987/workspace/install/pub_node:/opt/ros/humble /usr/bin/cmake /home/kyw10987/workspace/src/sub_node_cpp -DCMAKE_INSTALL_PREFIX=/home/kyw10987/workspace/install/sub_node_cpp
[4.229s] DEBUG:colcon.colcon_core.event_handler.log_command:Invoking command in '/home/kyw10987/workspace/build/sub_node_cpp': CMAKE_PREFIX_PATH=/home/kyw10987/workspace/install/sub_node:/home/kyw10987/workspace/install/pub_node:/opt/ros/humble /usr/bin/cmake --build /home/kyw10987/workspace/build/sub_node_cpp -- -j16 -l16
[4.230s] DEBUG:colcon.colcon_core.event_handler.log_command:Invoked command in '/home/kyw10987/workspace/build/pub_node_cpp' returned '0': CMAKE_PREFIX_PATH=/home/kyw10987/workspace/install/sub_node:/home/kyw10987/workspace/install/pub_node:/opt/ros/humble /usr/bin/cmake /home/kyw10987/workspace/src/pub_node_cpp -DCMAKE_INSTALL_PREFIX=/home/kyw10987/workspace/install/pub_node_cpp
[4.231s] DEBUG:colcon.colcon_core.event_handler.log_command:Invoking command in '/home/kyw10987/workspace/build/pub_node_cpp': CMAKE_PREFIX_PATH=/home/kyw10987/workspace/install/sub_node:/home/kyw10987/workspace/install/pub_node:/opt/ros/humble /usr/bin/cmake --build /home/kyw10987/workspace/build/pub_node_cpp -- -j16 -l16
[7.199s] DEBUG:colcon.colcon_core.event_handler.log_command:Invoked command in '/home/kyw10987/workspace/build/pub_node_cpp' returned '0': CMAKE_PREFIX_PATH=/home/kyw10987/workspace/install/sub_node:/home/kyw10987/workspace/install/pub_node:/opt/ros/humble /usr/bin/cmake --build /home/kyw10987/workspace/build/pub_node_cpp -- -j16 -l16
[7.204s] DEBUG:colcon.colcon_core.event_handler.log_command:Invoking command in '/home/kyw10987/workspace/build/pub_node_cpp': CMAKE_PREFIX_PATH=/home/kyw10987/workspace/install/sub_node:/home/kyw10987/workspace/install/pub_node:/opt/ros/humble /usr/bin/cmake --install /home/kyw10987/workspace/build/pub_node_cpp
[7.213s] Level 1:colcon.colcon_core.environment:create_environment_scripts_only(pub_node_cpp)
[7.214s] Level 1:colcon.colcon_core.environment:checking '/home/kyw10987/workspace/install/pub_node_cpp' for CMake module files
[7.214s] Level 1:colcon.colcon_core.environment:checking '/home/kyw10987/workspace/install/pub_node_cpp' for CMake config files
[7.214s] DEBUG:colcon.colcon_core.event_handler.log_command:Invoked command in '/home/kyw10987/workspace/build/pub_node_cpp' returned '0': CMAKE_PREFIX_PATH=/home/kyw10987/workspace/install/sub_node:/home/kyw10987/workspace/install/pub_node:/opt/ros/humble /usr/bin/cmake --install /home/kyw10987/workspace/build/pub_node_cpp
[7.214s] Level 1:colcon.colcon_core.shell:create_environment_hook('pub_node_cpp', 'cmake_prefix_path')
[7.214s] INFO:colcon.colcon_core.shell:Creating environment hook '/home/kyw10987/workspace/install/pub_node_cpp/share/pub_node_cpp/hook/cmake_prefix_path.ps1'
[7.215s] INFO:colcon.colcon_core.shell:Creating environment descriptor '/home/kyw10987/workspace/install/pub_node_cpp/share/pub_node_cpp/hook/cmake_prefix_path.dsv'
[7.215s] INFO:colcon.colcon_core.shell:Creating environment hook '/home/kyw10987/workspace/install/pub_node_cpp/share/pub_node_cpp/hook/cmake_prefix_path.sh'
[7.215s] Level 1:colcon.colcon_core.environment:checking '/home/kyw10987/workspace/install/pub_node_cpp/lib'
[7.215s] Level 1:colcon.colcon_core.environment:checking '/home/kyw10987/workspace/install/pub_node_cpp/bin'
[7.215s] Level 1:colcon.colcon_core.environment:checking '/home/kyw10987/workspace/install/pub_node_cpp/lib/pkgconfig/pub_node_cpp.pc'
[7.216s] Level 1:colcon.colcon_core.environment:checking '/home/kyw10987/workspace/install/pub_node_cpp/lib/python3.10/site-packages'
[7.216s] Level 1:colcon.colcon_core.environment:checking '/home/kyw10987/workspace/install/pub_node_cpp/bin'
[7.216s] INFO:colcon.colcon_core.shell:Creating package script '/home/kyw10987/workspace/install/pub_node_cpp/share/pub_node_cpp/package.ps1'
[7.216s] INFO:colcon.colcon_core.shell:Creating package descriptor '/home/kyw10987/workspace/install/pub_node_cpp/share/pub_node_cpp/package.dsv'
[7.216s] INFO:colcon.colcon_core.shell:Creating package script '/home/kyw10987/workspace/install/pub_node_cpp/share/pub_node_cpp/package.sh'
[7.217s] INFO:colcon.colcon_core.shell:Creating package script '/home/kyw10987/workspace/install/pub_node_cpp/share/pub_node_cpp/package.bash'
[7.217s] INFO:colcon.colcon_core.shell:Creating package script '/home/kyw10987/workspace/install/pub_node_cpp/share/pub_node_cpp/package.zsh'
[7.217s] Level 1:colcon.colcon_core.environment:create_file_with_runtime_dependencies(/home/kyw10987/workspace/install/pub_node_cpp/share/colcon-core/packages/pub_node_cpp)
[7.217s] Level 1:colcon.colcon_core.environment:create_environment_scripts_only(pub_node_cpp)
[7.218s] Level 1:colcon.colcon_core.environment:checking '/home/kyw10987/workspace/install/pub_node_cpp' for CMake module files
[7.218s] Level 1:colcon.colcon_core.environment:checking '/home/kyw10987/workspace/install/pub_node_cpp' for CMake config files
[7.218s] Level 1:colcon.colcon_core.shell:create_environment_hook('pub_node_cpp', 'cmake_prefix_path')
[7.218s] INFO:colcon.colcon_core.shell:Creating environment hook '/home/kyw10987/workspace/install/pub_node_cpp/share/pub_node_cpp/hook/cmake_prefix_path.ps1'
[7.218s] INFO:colcon.colcon_core.shell:Creating environment descriptor '/home/kyw10987/workspace/install/pub_node_cpp/share/pub_node_cpp/hook/cmake_prefix_path.dsv'
[7.218s] INFO:colcon.colcon_core.shell:Creating environment hook '/home/kyw10987/workspace/install/pub_node_cpp/share/pub_node_cpp/hook/cmake_prefix_path.sh'
[7.219s] Level 1:colcon.colcon_core.environment:checking '/home/kyw10987/workspace/install/pub_node_cpp/lib'
[7.219s] Level 1:colcon.colcon_core.environment:checking '/home/kyw10987/workspace/install/pub_node_cpp/bin'
[7.219s] Level 1:colcon.colcon_core.environment:checking '/home/kyw10987/workspace/install/pub_node_cpp/lib/pkgconfig/pub_node_cpp.pc'
[7.219s] Level 1:colcon.colcon_core.environment:checking '/home/kyw10987/workspace/install/pub_node_cpp/lib/python3.10/site-packages'
[7.219s] Level 1:colcon.colcon_core.environment:checking '/home/kyw10987/workspace/install/pub_node_cpp/bin'
[7.219s] INFO:colcon.colcon_core.shell:Creating package script '/home/kyw10987/workspace/install/pub_node_cpp/share/pub_node_cpp/package.ps1'
[7.220s] INFO:colcon.colcon_core.shell:Creating package descriptor '/home/kyw10987/workspace/install/pub_node_cpp/share/pub_node_cpp/package.dsv'
[7.220s] INFO:colcon.colcon_core.shell:Creating package script '/home/kyw10987/workspace/install/pub_node_cpp/share/pub_node_cpp/package.sh'
[7.220s] INFO:colcon.colcon_core.shell:Creating package script '/home/kyw10987/workspace/install/pub_node_cpp/share/pub_node_cpp/package.bash'
[7.221s] INFO:colcon.colcon_core.shell:Creating package script '/home/kyw10987/workspace/install/pub_node_cpp/share/pub_node_cpp/package.zsh'
[7.221s] Level 1:colcon.colcon_core.environment:create_file_with_runtime_dependencies(/home/kyw10987/workspace/install/pub_node_cpp/share/colcon-core/packages/pub_node_cpp)
[9.484s] DEBUG:colcon.colcon_core.event_handler.log_command:Invoked command in '/home/kyw10987/workspace/build/sub_node_cpp' returned '0': CMAKE_PREFIX_PATH=/home/kyw10987/workspace/install/sub_node:/home/kyw10987/workspace/install/pub_node:/opt/ros/humble /usr/bin/cmake --build /home/kyw10987/workspace/build/sub_node_cpp -- -j16 -l16
[9.486s] DEBUG:colcon.colcon_core.event_handler.log_command:Invoking command in '/home/kyw10987/workspace/build/sub_node_cpp': CMAKE_PREFIX_PATH=/home/kyw10987/workspace/install/sub_node:/home/kyw10987/workspace/install/pub_node:/opt/ros/humble /usr/bin/cmake --install /home/kyw10987/workspace/build/sub_node_cpp
[9.494s] Level 1:colcon.colcon_core.environment:create_environment_scripts_only(sub_node_cpp)
[9.494s] Level 1:colcon.colcon_core.environment:checking '/home/kyw10987/workspace/install/sub_node_cpp' for CMake module files
[9.494s] DEBUG:colcon.colcon_core.event_handler.log_command:Invoked command in '/home/kyw10987/workspace/build/sub_node_cpp' returned '0': CMAKE_PREFIX_PATH=/home/kyw10987/workspace/install/sub_node:/home/kyw10987/workspace/install/pub_node:/opt/ros/humble /usr/bin/cmake --install /home/kyw10987/workspace/build/sub_node_cpp
[9.494s] Level 1:colcon.colcon_core.environment:checking '/home/kyw10987/workspace/install/sub_node_cpp' for CMake config files
[9.494s] Level 1:colcon.colcon_core.shell:create_environment_hook('sub_node_cpp', 'cmake_prefix_path')
[9.495s] INFO:colcon.colcon_core.shell:Creating environment hook '/home/kyw10987/workspace/install/sub_node_cpp/share/sub_node_cpp/hook/cmake_prefix_path.ps1'
[9.495s] INFO:colcon.colcon_core.shell:Creating environment descriptor '/home/kyw10987/workspace/install/sub_node_cpp/share/sub_node_cpp/hook/cmake_prefix_path.dsv'
[9.495s] INFO:colcon.colcon_core.shell:Creating environment hook '/home/kyw10987/workspace/install/sub_node_cpp/share/sub_node_cpp/hook/cmake_prefix_path.sh'
[9.496s] Level 1:colcon.colcon_core.environment:checking '/home/kyw10987/workspace/install/sub_node_cpp/lib'
[9.496s] Level 1:colcon.colcon_core.environment:checking '/home/kyw10987/workspace/install/sub_node_cpp/bin'
[9.496s] Level 1:colcon.colcon_core.environment:checking '/home/kyw10987/workspace/install/sub_node_cpp/lib/pkgconfig/sub_node_cpp.pc'
[9.496s] Level 1:colcon.colcon_core.environment:checking '/home/kyw10987/workspace/install/sub_node_cpp/lib/python3.10/site-packages'
[9.496s] Level 1:colcon.colcon_core.environment:checking '/home/kyw10987/workspace/install/sub_node_cpp/bin'
[9.496s] INFO:colcon.colcon_core.shell:Creating package script '/home/kyw10987/workspace/install/sub_node_cpp/share/sub_node_cpp/package.ps1'
[9.496s] INFO:colcon.colcon_core.shell:Creating package descriptor '/home/kyw10987/workspace/install/sub_node_cpp/share/sub_node_cpp/package.dsv'
[9.497s] INFO:colcon.colcon_core.shell:Creating package script '/home/kyw10987/workspace/install/sub_node_cpp/share/sub_node_cpp/package.sh'
[9.497s] INFO:colcon.colcon_core.shell:Creating package script '/home/kyw10987/workspace/install/sub_node_cpp/share/sub_node_cpp/package.bash'
[9.497s] INFO:colcon.colcon_core.shell:Creating package script '/home/kyw10987/workspace/install/sub_node_cpp/share/sub_node_cpp/package.zsh'
[9.497s] Level 1:colcon.colcon_core.environment:create_file_with_runtime_dependencies(/home/kyw10987/workspace/install/sub_node_cpp/share/colcon-core/packages/sub_node_cpp)
[9.498s] Level 1:colcon.colcon_core.environment:create_environment_scripts_only(sub_node_cpp)
[9.498s] Level 1:colcon.colcon_core.environment:checking '/home/kyw10987/workspace/install/sub_node_cpp' for CMake module files
[9.498s] Level 1:colcon.colcon_core.environment:checking '/home/kyw10987/workspace/install/sub_node_cpp' for CMake config files
[9.498s] Level 1:colcon.colcon_core.shell:create_environment_hook('sub_node_cpp', 'cmake_prefix_path')
[9.498s] INFO:colcon.colcon_core.shell:Creating environment hook '/home/kyw10987/workspace/install/sub_node_cpp/share/sub_node_cpp/hook/cmake_prefix_path.ps1'
[9.498s] INFO:colcon.colcon_core.shell:Creating environment descriptor '/home/kyw10987/workspace/install/sub_node_cpp/share/sub_node_cpp/hook/cmake_prefix_path.dsv'
[9.499s] INFO:colcon.colcon_core.shell:Creating environment hook '/home/kyw10987/workspace/install/sub_node_cpp/share/sub_node_cpp/hook/cmake_prefix_path.sh'
[9.499s] Level 1:colcon.colcon_core.environment:checking '/home/kyw10987/workspace/install/sub_node_cpp/lib'
[9.499s] Level 1:colcon.colcon_core.environment:checking '/home/kyw10987/workspace/install/sub_node_cpp/bin'
[9.499s] Level 1:colcon.colcon_core.environment:checking '/home/kyw10987/workspace/install/sub_node_cpp/lib/pkgconfig/sub_node_cpp.pc'
[9.499s] Level 1:colcon.colcon_core.environment:checking '/home/kyw10987/workspace/install/sub_node_cpp/lib/python3.10/site-packages'
[9.499s] Level 1:colcon.colcon_core.environment:checking '/home/kyw10987/workspace/install/sub_node_cpp/bin'
[9.499s] INFO:colcon.colcon_core.shell:Creating package script '/home/kyw10987/workspace/install/sub_node_cpp/share/sub_node_cpp/package.ps1'
[9.500s] INFO:colcon.colcon_core.shell:Creating package descriptor '/home/kyw10987/workspace/install/sub_node_cpp/share/sub_node_cpp/package.dsv'
[9.500s] INFO:colcon.colcon_core.shell:Creating package script '/home/kyw10987/workspace/install/sub_node_cpp/share/sub_node_cpp/package.sh'
[9.500s] INFO:colcon.colcon_core.shell:Creating package script '/home/kyw10987/workspace/install/sub_node_cpp/share/sub_node_cpp/package.bash'
[9.500s] INFO:colcon.colcon_core.shell:Creating package script '/home/kyw10987/workspace/install/sub_node_cpp/share/sub_node_cpp/package.zsh'
[9.501s] Level 1:colcon.colcon_core.environment:create_file_with_runtime_dependencies(/home/kyw10987/workspace/install/sub_node_cpp/share/colcon-core/packages/sub_node_cpp)
[9.501s] DEBUG:colcon.colcon_parallel_executor.executor.parallel:closing loop
[9.501s] DEBUG:colcon.colcon_parallel_executor.executor.parallel:loop closed
[9.501s] DEBUG:colcon.colcon_parallel_executor.executor.parallel:run_until_complete finished with '0'
[9.501s] DEBUG:colcon.colcon_core.event_reactor:joining thread
[9.538s] INFO:colcon.colcon_core.plugin_system:Skipping extension 'colcon_notification.desktop_notification.notify_send': Could not find 'notify-send'
[9.538s] INFO:colcon.colcon_core.plugin_system:Skipping extension 'colcon_notification.desktop_notification.terminal_notifier': Not used on non-Darwin systems
[9.538s] INFO:colcon.colcon_core.plugin_system:Skipping extension 'colcon_notification.desktop_notification.win32': Not used on non-Windows systems
[9.538s] INFO:colcon.colcon_notification.desktop_notification:Sending desktop notification using 'notify2'
[9.538s] DEBUG:colcon.colcon_notification.desktop_notification.notify2:Failed to initialize notify2: org.freedesktop.DBus.Error.FileNotFound: Failed to connect to socket /run/user/1000/bus: No such file or directory
[9.538s] DEBUG:colcon.colcon_core.event_reactor:joined thread
[9.538s] INFO:colcon.colcon_core.shell:Creating prefix script '/home/kyw10987/workspace/install/local_setup.ps1'
[9.540s] INFO:colcon.colcon_core.shell:Creating prefix util module '/home/kyw10987/workspace/install/_local_setup_util_ps1.py'
[9.541s] INFO:colcon.colcon_core.shell:Creating prefix chain script '/home/kyw10987/workspace/install/setup.ps1'
[9.542s] INFO:colcon.colcon_core.shell:Creating prefix script '/home/kyw10987/workspace/install/local_setup.sh'
[9.543s] INFO:colcon.colcon_core.shell:Creating prefix util module '/home/kyw10987/workspace/install/_local_setup_util_sh.py'
[9.543s] INFO:colcon.colcon_core.shell:Creating prefix chain script '/home/kyw10987/workspace/install/setup.sh'
[9.544s] INFO:colcon.colcon_core.shell:Creating prefix script '/home/kyw10987/workspace/install/local_setup.bash'
[9.545s] INFO:colcon.colcon_core.shell:Creating prefix chain script '/home/kyw10987/workspace/install/setup.bash'
[9.546s] INFO:colcon.colcon_core.shell:Creating prefix script '/home/kyw10987/workspace/install/local_setup.zsh'
[9.547s] INFO:colcon.colcon_core.shell:Creating prefix chain script '/home/kyw10987/workspace/install/setup.zsh'
