[0.169s] DEBUG:colcon:Command line arguments: ['/usr/bin/colcon', 'build']
[0.169s] DEBUG:colcon:Parsed command line arguments: Namespace(log_base=None, log_level=None, verb_name='build', build_base='build', install_base='install', merge_install=False, symlink_install=False, test_result_base=None, continue_on_error=False, executor='parallel', parallel_workers=16, event_handlers=None, ignore_user_meta=False, metas=['./colcon.meta'], base_paths=['.'], packages_ignore=None, packages_ignore_regex=None, paths=None, packages_up_to=None, packages_up_to_regex=None, packages_above=None, packages_above_and_dependencies=None, packages_above_depth=None, packages_select_by_dep=None, packages_skip_by_dep=None, packages_skip_up_to=None, packages_select_build_failed=False, packages_skip_build_finished=False, packages_select_test_failures=False, packages_skip_test_passed=False, packages_select=None, packages_skip=None, packages_select_regex=None, packages_skip_regex=None, packages_start=None, packages_end=None, allow_overriding=[], cmake_args=None, cmake_target=None, cmake_target_skip_unavailable=False, cmake_clean_cache=False, cmake_clean_first=False, cmake_force_configure=False, ament_cmake_args=None, catkin_cmake_args=None, catkin_skip_building_tests=False, verb_parser=<colcon_defaults.argument_parser.defaults.DefaultArgumentsDecorator object at 0x7f690c827d60>, verb_extension=<colcon_core.verb.build.BuildVerb object at 0x7f690c827820>, main=<bound method BuildVerb.main of <colcon_core.verb.build.BuildVerb object at 0x7f690c827820>>)
[0.396s] Level 1:colcon.colcon_core.package_discovery:discover_packages(colcon_meta) check parameters
[0.396s] Level 1:colcon.colcon_core.package_discovery:discover_packages(recursive) check parameters
[0.396s] Level 1:colcon.colcon_core.package_discovery:discover_packages(ignore) check parameters
[0.396s] Level 1:colcon.colcon_core.package_discovery:discover_packages(path) check parameters
[0.396s] Level 1:colcon.colcon_core.package_discovery:discover_packages(colcon_meta) discover
[0.396s] Level 1:colcon.colcon_core.package_discovery:discover_packages(recursive) discover
[0.396s] INFO:colcon.colcon_core.package_discovery:Crawling recursively for packages in '/home/kyw10987/workspace'
[0.396s] Level 1:colcon.colcon_core.package_identification:_identify(.) by extensions ['ignore', 'ignore_ament_install']
[0.396s] Level 1:colcon.colcon_core.package_identification:_identify(.) by extension 'ignore'
[0.396s] Level 1:colcon.colcon_core.package_identification:_identify(.) by extension 'ignore_ament_install'
[0.396s] Level 1:colcon.colcon_core.package_identification:_identify(.) by extensions ['colcon_pkg']
[0.396s] Level 1:colcon.colcon_core.package_identification:_identify(.) by extension 'colcon_pkg'
[0.396s] Level 1:colcon.colcon_core.package_identification:_identify(.) by extensions ['colcon_meta']
[0.396s] Level 1:colcon.colcon_core.package_identification:_identify(.) by extension 'colcon_meta'
[0.396s] Level 1:colcon.colcon_core.package_identification:_identify(.) by extensions ['ros']
[0.396s] Level 1:colcon.colcon_core.package_identification:_identify(.) by extension 'ros'
[0.406s] Level 1:colcon.colcon_core.package_identification:_identify(.) by extensions ['cmake', 'python']
[0.406s] Level 1:colcon.colcon_core.package_identification:_identify(.) by extension 'cmake'
[0.406s] Level 1:colcon.colcon_core.package_identification:_identify(.) by extension 'python'
[0.406s] Level 1:colcon.colcon_core.package_identification:_identify(.) by extensions ['python_setup_py']
[0.406s] Level 1:colcon.colcon_core.package_identification:_identify(.) by extension 'python_setup_py'
[0.406s] Level 1:colcon.colcon_core.package_identification:_identify(build) by extensions ['ignore', 'ignore_ament_install']
[0.406s] Level 1:colcon.colcon_core.package_identification:_identify(build) by extension 'ignore'
[0.406s] Level 1:colcon.colcon_core.package_identification:_identify(build) ignored
[0.407s] Level 1:colcon.colcon_core.package_identification:_identify(install) by extensions ['ignore', 'ignore_ament_install']
[0.407s] Level 1:colcon.colcon_core.package_identification:_identify(install) by extension 'ignore'
[0.407s] Level 1:colcon.colcon_core.package_identification:_identify(install) ignored
[0.407s] Level 1:colcon.colcon_core.package_identification:_identify(log) by extensions ['ignore', 'ignore_ament_install']
[0.407s] Level 1:colcon.colcon_core.package_identification:_identify(log) by extension 'ignore'
[0.407s] Level 1:colcon.colcon_core.package_identification:_identify(log) ignored
[0.407s] Level 1:colcon.colcon_core.package_identification:_identify(src) by extensions ['ignore', 'ignore_ament_install']
[0.407s] Level 1:colcon.colcon_core.package_identification:_identify(src) by extension 'ignore'
[0.407s] Level 1:colcon.colcon_core.package_identification:_identify(src) by extension 'ignore_ament_install'
[0.407s] Level 1:colcon.colcon_core.package_identification:_identify(src) by extensions ['colcon_pkg']
[0.407s] Level 1:colcon.colcon_core.package_identification:_identify(src) by extension 'colcon_pkg'
[0.407s] Level 1:colcon.colcon_core.package_identification:_identify(src) by extensions ['colcon_meta']
[0.407s] Level 1:colcon.colcon_core.package_identification:_identify(src) by extension 'colcon_meta'
[0.407s] Level 1:colcon.colcon_core.package_identification:_identify(src) by extensions ['ros']
[0.407s] Level 1:colcon.colcon_core.package_identification:_identify(src) by extension 'ros'
[0.407s] Level 1:colcon.colcon_core.package_identification:_identify(src) by extensions ['cmake', 'python']
[0.407s] Level 1:colcon.colcon_core.package_identification:_identify(src) by extension 'cmake'
[0.407s] Level 1:colcon.colcon_core.package_identification:_identify(src) by extension 'python'
[0.407s] Level 1:colcon.colcon_core.package_identification:_identify(src) by extensions ['python_setup_py']
[0.407s] Level 1:colcon.colcon_core.package_identification:_identify(src) by extension 'python_setup_py'
[0.407s] Level 1:colcon.colcon_core.package_identification:_identify(src/image_viewer) by extensions ['ignore', 'ignore_ament_install']
[0.407s] Level 1:colcon.colcon_core.package_identification:_identify(src/image_viewer) by extension 'ignore'
[0.408s] Level 1:colcon.colcon_core.package_identification:_identify(src/image_viewer) by extension 'ignore_ament_install'
[0.408s] Level 1:colcon.colcon_core.package_identification:_identify(src/image_viewer) by extensions ['colcon_pkg']
[0.408s] Level 1:colcon.colcon_core.package_identification:_identify(src/image_viewer) by extension 'colcon_pkg'
[0.408s] Level 1:colcon.colcon_core.package_identification:_identify(src/image_viewer) by extensions ['colcon_meta']
[0.408s] Level 1:colcon.colcon_core.package_identification:_identify(src/image_viewer) by extension 'colcon_meta'
[0.408s] Level 1:colcon.colcon_core.package_identification:_identify(src/image_viewer) by extensions ['ros']
[0.408s] Level 1:colcon.colcon_core.package_identification:_identify(src/image_viewer) by extension 'ros'
[0.410s] DEBUG:colcon.colcon_core.package_identification:Package 'src/image_viewer' with type 'ros.ament_python' and name 'image_viewer'
[0.411s] Level 1:colcon.colcon_core.package_identification:_identify(src/pub_node) by extensions ['ignore', 'ignore_ament_install']
[0.411s] Level 1:colcon.colcon_core.package_identification:_identify(src/pub_node) by extension 'ignore'
[0.411s] Level 1:colcon.colcon_core.package_identification:_identify(src/pub_node) by extension 'ignore_ament_install'
[0.411s] Level 1:colcon.colcon_core.package_identification:_identify(src/pub_node) by extensions ['colcon_pkg']
[0.411s] Level 1:colcon.colcon_core.package_identification:_identify(src/pub_node) by extension 'colcon_pkg'
[0.411s] Level 1:colcon.colcon_core.package_identification:_identify(src/pub_node) by extensions ['colcon_meta']
[0.411s] Level 1:colcon.colcon_core.package_identification:_identify(src/pub_node) by extension 'colcon_meta'
[0.411s] Level 1:colcon.colcon_core.package_identification:_identify(src/pub_node) by extensions ['ros']
[0.411s] Level 1:colcon.colcon_core.package_identification:_identify(src/pub_node) by extension 'ros'
[0.412s] DEBUG:colcon.colcon_core.package_identification:Package 'src/pub_node' with type 'ros.ament_python' and name 'pub_node'
[0.412s] Level 1:colcon.colcon_core.package_identification:_identify(src/pub_node_cpp) by extensions ['ignore', 'ignore_ament_install']
[0.412s] Level 1:colcon.colcon_core.package_identification:_identify(src/pub_node_cpp) by extension 'ignore'
[0.412s] Level 1:colcon.colcon_core.package_identification:_identify(src/pub_node_cpp) by extension 'ignore_ament_install'
[0.412s] Level 1:colcon.colcon_core.package_identification:_identify(src/pub_node_cpp) by extensions ['colcon_pkg']
[0.412s] Level 1:colcon.colcon_core.package_identification:_identify(src/pub_node_cpp) by extension 'colcon_pkg'
[0.412s] Level 1:colcon.colcon_core.package_identification:_identify(src/pub_node_cpp) by extensions ['colcon_meta']
[0.412s] Level 1:colcon.colcon_core.package_identification:_identify(src/pub_node_cpp) by extension 'colcon_meta'
[0.412s] Level 1:colcon.colcon_core.package_identification:_identify(src/pub_node_cpp) by extensions ['ros']
[0.412s] Level 1:colcon.colcon_core.package_identification:_identify(src/pub_node_cpp) by extension 'ros'
[0.412s] DEBUG:colcon.colcon_core.package_identification:Package 'src/pub_node_cpp' with type 'ros.ament_cmake' and name 'pub_node_cpp'
[0.413s] Level 1:colcon.colcon_core.package_identification:_identify(src/sub_node) by extensions ['ignore', 'ignore_ament_install']
[0.413s] Level 1:colcon.colcon_core.package_identification:_identify(src/sub_node) by extension 'ignore'
[0.413s] Level 1:colcon.colcon_core.package_identification:_identify(src/sub_node) by extension 'ignore_ament_install'
[0.413s] Level 1:colcon.colcon_core.package_identification:_identify(src/sub_node) by extensions ['colcon_pkg']
[0.413s] Level 1:colcon.colcon_core.package_identification:_identify(src/sub_node) by extension 'colcon_pkg'
[0.413s] Level 1:colcon.colcon_core.package_identification:_identify(src/sub_node) by extensions ['colcon_meta']
[0.413s] Level 1:colcon.colcon_core.package_identification:_identify(src/sub_node) by extension 'colcon_meta'
[0.413s] Level 1:colcon.colcon_core.package_identification:_identify(src/sub_node) by extensions ['ros']
[0.413s] Level 1:colcon.colcon_core.package_identification:_identify(src/sub_node) by extension 'ros'
[0.414s] DEBUG:colcon.colcon_core.package_identification:Package 'src/sub_node' with type 'ros.ament_python' and name 'sub_node'
[0.414s] Level 1:colcon.colcon_core.package_identification:_identify(src/sub_node_cpp) by extensions ['ignore', 'ignore_ament_install']
[0.414s] Level 1:colcon.colcon_core.package_identification:_identify(src/sub_node_cpp) by extension 'ignore'
[0.414s] Level 1:colcon.colcon_core.package_identification:_identify(src/sub_node_cpp) by extension 'ignore_ament_install'
[0.414s] Level 1:colcon.colcon_core.package_identification:_identify(src/sub_node_cpp) by extensions ['colcon_pkg']
[0.414s] Level 1:colcon.colcon_core.package_identification:_identify(src/sub_node_cpp) by extension 'colcon_pkg'
[0.414s] Level 1:colcon.colcon_core.package_identification:_identify(src/sub_node_cpp) by extensions ['colcon_meta']
[0.414s] Level 1:colcon.colcon_core.package_identification:_identify(src/sub_node_cpp) by extension 'colcon_meta'
[0.414s] Level 1:colcon.colcon_core.package_identification:_identify(src/sub_node_cpp) by extensions ['ros']
[0.414s] Level 1:colcon.colcon_core.package_identification:_identify(src/sub_node_cpp) by extension 'ros'
[0.415s] DEBUG:colcon.colcon_core.package_identification:Package 'src/sub_node_cpp' with type 'ros.ament_cmake' and name 'sub_node_cpp'
[0.415s] Level 1:colcon.colcon_core.package_discovery:discover_packages(recursive) using defaults
[0.415s] Level 1:colcon.colcon_core.package_discovery:discover_packages(ignore) discover
[0.415s] Level 1:colcon.colcon_core.package_discovery:discover_packages(ignore) using defaults
[0.415s] Level 1:colcon.colcon_core.package_discovery:discover_packages(path) discover
[0.415s] Level 1:colcon.colcon_core.package_discovery:discover_packages(path) using defaults
[0.434s] Level 1:colcon.colcon_core.package_discovery:discover_packages(prefix_path) check parameters
[0.434s] Level 1:colcon.colcon_core.package_discovery:discover_packages(prefix_path) discover
[0.438s] DEBUG:colcon.colcon_installed_package_information.package_discovery:Found 5 installed packages in /home/kyw10987/workspace/install
[0.439s] DEBUG:colcon.colcon_installed_package_information.package_discovery:Found 271 installed packages in /opt/ros/humble
[0.440s] Level 1:colcon.colcon_core.package_discovery:discover_packages(prefix_path) using defaults
[0.506s] Level 5:colcon.colcon_core.verb:set package 'image_viewer' build argument 'cmake_args' from command line to 'None'
[0.506s] Level 5:colcon.colcon_core.verb:set package 'image_viewer' build argument 'cmake_target' from command line to 'None'
[0.506s] Level 5:colcon.colcon_core.verb:set package 'image_viewer' build argument 'cmake_target_skip_unavailable' from command line to 'False'
[0.506s] Level 5:colcon.colcon_core.verb:set package 'image_viewer' build argument 'cmake_clean_cache' from command line to 'False'
[0.506s] Level 5:colcon.colcon_core.verb:set package 'image_viewer' build argument 'cmake_clean_first' from command line to 'False'
[0.506s] Level 5:colcon.colcon_core.verb:set package 'image_viewer' build argument 'cmake_force_configure' from command line to 'False'
[0.506s] Level 5:colcon.colcon_core.verb:set package 'image_viewer' build argument 'ament_cmake_args' from command line to 'None'
[0.506s] Level 5:colcon.colcon_core.verb:set package 'image_viewer' build argument 'catkin_cmake_args' from command line to 'None'
[0.506s] Level 5:colcon.colcon_core.verb:set package 'image_viewer' build argument 'catkin_skip_building_tests' from command line to 'False'
[0.506s] DEBUG:colcon.colcon_core.verb:Building package 'image_viewer' with the following arguments: {'ament_cmake_args': None, 'build_base': '/home/kyw10987/workspace/build/image_viewer', 'catkin_cmake_args': None, 'catkin_skip_building_tests': False, 'cmake_args': None, 'cmake_clean_cache': False, 'cmake_clean_first': False, 'cmake_force_configure': False, 'cmake_target': None, 'cmake_target_skip_unavailable': False, 'install_base': '/home/kyw10987/workspace/install/image_viewer', 'merge_install': False, 'path': '/home/kyw10987/workspace/src/image_viewer', 'symlink_install': False, 'test_result_base': None}
[0.506s] Level 5:colcon.colcon_core.verb:set package 'pub_node' build argument 'cmake_args' from command line to 'None'
[0.506s] Level 5:colcon.colcon_core.verb:set package 'pub_node' build argument 'cmake_target' from command line to 'None'
[0.506s] Level 5:colcon.colcon_core.verb:set package 'pub_node' build argument 'cmake_target_skip_unavailable' from command line to 'False'
[0.506s] Level 5:colcon.colcon_core.verb:set package 'pub_node' build argument 'cmake_clean_cache' from command line to 'False'
[0.506s] Level 5:colcon.colcon_core.verb:set package 'pub_node' build argument 'cmake_clean_first' from command line to 'False'
[0.506s] Level 5:colcon.colcon_core.verb:set package 'pub_node' build argument 'cmake_force_configure' from command line to 'False'
[0.506s] Level 5:colcon.colcon_core.verb:set package 'pub_node' build argument 'ament_cmake_args' from command line to 'None'
[0.506s] Level 5:colcon.colcon_core.verb:set package 'pub_node' build argument 'catkin_cmake_args' from command line to 'None'
[0.506s] Level 5:colcon.colcon_core.verb:set package 'pub_node' build argument 'catkin_skip_building_tests' from command line to 'False'
[0.506s] DEBUG:colcon.colcon_core.verb:Building package 'pub_node' with the following arguments: {'ament_cmake_args': None, 'build_base': '/home/kyw10987/workspace/build/pub_node', 'catkin_cmake_args': None, 'catkin_skip_building_tests': False, 'cmake_args': None, 'cmake_clean_cache': False, 'cmake_clean_first': False, 'cmake_force_configure': False, 'cmake_target': None, 'cmake_target_skip_unavailable': False, 'install_base': '/home/kyw10987/workspace/install/pub_node', 'merge_install': False, 'path': '/home/kyw10987/workspace/src/pub_node', 'symlink_install': False, 'test_result_base': None}
[0.506s] Level 5:colcon.colcon_core.verb:set package 'pub_node_cpp' build argument 'cmake_args' from command line to 'None'
[0.506s] Level 5:colcon.colcon_core.verb:set package 'pub_node_cpp' build argument 'cmake_target' from command line to 'None'
[0.506s] Level 5:colcon.colcon_core.verb:set package 'pub_node_cpp' build argument 'cmake_target_skip_unavailable' from command line to 'False'
[0.506s] Level 5:colcon.colcon_core.verb:set package 'pub_node_cpp' build argument 'cmake_clean_cache' from command line to 'False'
[0.507s] Level 5:colcon.colcon_core.verb:set package 'pub_node_cpp' build argument 'cmake_clean_first' from command line to 'False'
[0.507s] Level 5:colcon.colcon_core.verb:set package 'pub_node_cpp' build argument 'cmake_force_configure' from command line to 'False'
[0.507s] Level 5:colcon.colcon_core.verb:set package 'pub_node_cpp' build argument 'ament_cmake_args' from command line to 'None'
[0.507s] Level 5:colcon.colcon_core.verb:set package 'pub_node_cpp' build argument 'catkin_cmake_args' from command line to 'None'
[0.507s] Level 5:colcon.colcon_core.verb:set package 'pub_node_cpp' build argument 'catkin_skip_building_tests' from command line to 'False'
[0.507s] DEBUG:colcon.colcon_core.verb:Building package 'pub_node_cpp' with the following arguments: {'ament_cmake_args': None, 'build_base': '/home/kyw10987/workspace/build/pub_node_cpp', 'catkin_cmake_args': None, 'catkin_skip_building_tests': False, 'cmake_args': None, 'cmake_clean_cache': False, 'cmake_clean_first': False, 'cmake_force_configure': False, 'cmake_target': None, 'cmake_target_skip_unavailable': False, 'install_base': '/home/kyw10987/workspace/install/pub_node_cpp', 'merge_install': False, 'path': '/home/kyw10987/workspace/src/pub_node_cpp', 'symlink_install': False, 'test_result_base': None}
[0.507s] Level 5:colcon.colcon_core.verb:set package 'sub_node' build argument 'cmake_args' from command line to 'None'
[0.507s] Level 5:colcon.colcon_core.verb:set package 'sub_node' build argument 'cmake_target' from command line to 'None'
[0.507s] Level 5:colcon.colcon_core.verb:set package 'sub_node' build argument 'cmake_target_skip_unavailable' from command line to 'False'
[0.507s] Level 5:colcon.colcon_core.verb:set package 'sub_node' build argument 'cmake_clean_cache' from command line to 'False'
[0.507s] Level 5:colcon.colcon_core.verb:set package 'sub_node' build argument 'cmake_clean_first' from command line to 'False'
[0.507s] Level 5:colcon.colcon_core.verb:set package 'sub_node' build argument 'cmake_force_configure' from command line to 'False'
[0.507s] Level 5:colcon.colcon_core.verb:set package 'sub_node' build argument 'ament_cmake_args' from command line to 'None'
[0.507s] Level 5:colcon.colcon_core.verb:set package 'sub_node' build argument 'catkin_cmake_args' from command line to 'None'
[0.507s] Level 5:colcon.colcon_core.verb:set package 'sub_node' build argument 'catkin_skip_building_tests' from command line to 'False'
[0.507s] DEBUG:colcon.colcon_core.verb:Building package 'sub_node' with the following arguments: {'ament_cmake_args': None, 'build_base': '/home/kyw10987/workspace/build/sub_node', 'catkin_cmake_args': None, 'catkin_skip_building_tests': False, 'cmake_args': None, 'cmake_clean_cache': False, 'cmake_clean_first': False, 'cmake_force_configure': False, 'cmake_target': None, 'cmake_target_skip_unavailable': False, 'install_base': '/home/kyw10987/workspace/install/sub_node', 'merge_install': False, 'path': '/home/kyw10987/workspace/src/sub_node', 'symlink_install': False, 'test_result_base': None}
[0.507s] Level 5:colcon.colcon_core.verb:set package 'sub_node_cpp' build argument 'cmake_args' from command line to 'None'
[0.507s] Level 5:colcon.colcon_core.verb:set package 'sub_node_cpp' build argument 'cmake_target' from command line to 'None'
[0.507s] Level 5:colcon.colcon_core.verb:set package 'sub_node_cpp' build argument 'cmake_target_skip_unavailable' from command line to 'False'
[0.507s] Level 5:colcon.colcon_core.verb:set package 'sub_node_cpp' build argument 'cmake_clean_cache' from command line to 'False'
[0.507s] Level 5:colcon.colcon_core.verb:set package 'sub_node_cpp' build argument 'cmake_clean_first' from command line to 'False'
[0.507s] Level 5:colcon.colcon_core.verb:set package 'sub_node_cpp' build argument 'cmake_force_configure' from command line to 'False'
[0.507s] Level 5:colcon.colcon_core.verb:set package 'sub_node_cpp' build argument 'ament_cmake_args' from command line to 'None'
[0.507s] Level 5:colcon.colcon_core.verb:set package 'sub_node_cpp' build argument 'catkin_cmake_args' from command line to 'None'
[0.507s] Level 5:colcon.colcon_core.verb:set package 'sub_node_cpp' build argument 'catkin_skip_building_tests' from command line to 'False'
[0.507s] DEBUG:colcon.colcon_core.verb:Building package 'sub_node_cpp' with the following arguments: {'ament_cmake_args': None, 'build_base': '/home/kyw10987/workspace/build/sub_node_cpp', 'catkin_cmake_args': None, 'catkin_skip_building_tests': False, 'cmake_args': None, 'cmake_clean_cache': False, 'cmake_clean_first': False, 'cmake_force_configure': False, 'cmake_target': None, 'cmake_target_skip_unavailable': False, 'install_base': '/home/kyw10987/workspace/install/sub_node_cpp', 'merge_install': False, 'path': '/home/kyw10987/workspace/src/sub_node_cpp', 'symlink_install': False, 'test_result_base': None}
[0.507s] INFO:colcon.colcon_core.executor:Executing jobs using 'parallel' executor
[0.508s] DEBUG:colcon.colcon_parallel_executor.executor.parallel:run_until_complete
[0.508s] INFO:colcon.colcon_ros.task.ament_python.build:Building ROS package in '/home/kyw10987/workspace/src/image_viewer' with build type 'ament_python'
[0.508s] Level 1:colcon.colcon_core.shell:create_environment_hook('image_viewer', 'ament_prefix_path')
[0.517s] INFO:colcon.colcon_core.plugin_system:Skipping extension 'colcon_core.shell.bat': Not used on non-Windows systems
[0.517s] INFO:colcon.colcon_core.shell:Creating environment hook '/home/kyw10987/workspace/install/image_viewer/share/image_viewer/hook/ament_prefix_path.ps1'
[0.518s] INFO:colcon.colcon_core.shell:Creating environment descriptor '/home/kyw10987/workspace/install/image_viewer/share/image_viewer/hook/ament_prefix_path.dsv'
[0.519s] INFO:colcon.colcon_core.shell:Creating environment hook '/home/kyw10987/workspace/install/image_viewer/share/image_viewer/hook/ament_prefix_path.sh'
[0.520s] INFO:colcon.colcon_core.shell:Skip shell extension 'powershell' for command environment: Not usable outside of PowerShell
[0.520s] DEBUG:colcon.colcon_core.shell:Skip shell extension 'dsv' for command environment
[0.523s] INFO:colcon.colcon_ros.task.ament_python.build:Building ROS package in '/home/kyw10987/workspace/src/pub_node' with build type 'ament_python'
[0.524s] Level 1:colcon.colcon_core.shell:create_environment_hook('pub_node', 'ament_prefix_path')
[0.524s] INFO:colcon.colcon_core.shell:Creating environment hook '/home/kyw10987/workspace/install/pub_node/share/pub_node/hook/ament_prefix_path.ps1'
[0.524s] INFO:colcon.colcon_core.shell:Creating environment descriptor '/home/kyw10987/workspace/install/pub_node/share/pub_node/hook/ament_prefix_path.dsv'
[0.524s] INFO:colcon.colcon_core.shell:Creating environment hook '/home/kyw10987/workspace/install/pub_node/share/pub_node/hook/ament_prefix_path.sh'
[0.525s] INFO:colcon.colcon_core.shell:Skip shell extension 'powershell' for command environment: Not usable outside of PowerShell
[0.525s] DEBUG:colcon.colcon_core.shell:Skip shell extension 'dsv' for command environment
[0.528s] INFO:colcon.colcon_ros.task.ament_cmake.build:Building ROS package in '/home/kyw10987/workspace/src/pub_node_cpp' with build type 'ament_cmake'
[0.528s] INFO:colcon.colcon_cmake.task.cmake.build:Building CMake package in '/home/kyw10987/workspace/src/pub_node_cpp'
[0.528s] INFO:colcon.colcon_core.shell:Skip shell extension 'powershell' for command environment: Not usable outside of PowerShell
[0.528s] DEBUG:colcon.colcon_core.shell:Skip shell extension 'dsv' for command environment
[0.530s] INFO:colcon.colcon_ros.task.ament_python.build:Building ROS package in '/home/kyw10987/workspace/src/sub_node' with build type 'ament_python'
[0.530s] Level 1:colcon.colcon_core.shell:create_environment_hook('sub_node', 'ament_prefix_path')
[0.531s] INFO:colcon.colcon_core.shell:Creating environment hook '/home/kyw10987/workspace/install/sub_node/share/sub_node/hook/ament_prefix_path.ps1'
[0.532s] INFO:colcon.colcon_core.shell:Creating environment descriptor '/home/kyw10987/workspace/install/sub_node/share/sub_node/hook/ament_prefix_path.dsv'
[0.532s] INFO:colcon.colcon_core.shell:Creating environment hook '/home/kyw10987/workspace/install/sub_node/share/sub_node/hook/ament_prefix_path.sh'
[0.532s] INFO:colcon.colcon_core.shell:Skip shell extension 'powershell' for command environment: Not usable outside of PowerShell
[0.532s] DEBUG:colcon.colcon_core.shell:Skip shell extension 'dsv' for command environment
[0.534s] INFO:colcon.colcon_ros.task.ament_cmake.build:Building ROS package in '/home/kyw10987/workspace/src/sub_node_cpp' with build type 'ament_cmake'
[0.534s] INFO:colcon.colcon_cmake.task.cmake.build:Building CMake package in '/home/kyw10987/workspace/src/sub_node_cpp'
[0.534s] INFO:colcon.colcon_core.shell:Skip shell extension 'powershell' for command environment: Not usable outside of PowerShell
[0.535s] DEBUG:colcon.colcon_core.shell:Skip shell extension 'dsv' for command environment
[0.689s] INFO:colcon.colcon_core.task.python.build:Building Python package in '/home/kyw10987/workspace/src/image_viewer'
[0.689s] INFO:colcon.colcon_core.shell:Skip shell extension 'powershell' for command environment: Not usable outside of PowerShell
[0.689s] DEBUG:colcon.colcon_core.shell:Skip shell extension 'dsv' for command environment
[0.826s] INFO:colcon.colcon_core.task.python.build:Building Python package in '/home/kyw10987/workspace/src/pub_node'
[0.826s] INFO:colcon.colcon_core.shell:Skip shell extension 'powershell' for command environment: Not usable outside of PowerShell
[0.826s] DEBUG:colcon.colcon_core.shell:Skip shell extension 'dsv' for command environment
[0.834s] DEBUG:colcon.colcon_core.event_handler.log_command:Invoking command in '/home/kyw10987/workspace/build/pub_node_cpp': CMAKE_PREFIX_PATH=${CMAKE_PREFIX_PATH}:/home/kyw10987/workspace/install/image_viewer:/home/kyw10987/workspace/install/sub_node:/home/kyw10987/workspace/install/pub_node:/opt/ros/humble /usr/bin/cmake --build /home/kyw10987/workspace/build/pub_node_cpp -- -j16 -l16
[0.969s] INFO:colcon.colcon_core.task.python.build:Building Python package in '/home/kyw10987/workspace/src/sub_node'
[0.970s] INFO:colcon.colcon_core.shell:Skip shell extension 'powershell' for command environment: Not usable outside of PowerShell
[0.970s] DEBUG:colcon.colcon_core.shell:Skip shell extension 'dsv' for command environment
[0.976s] DEBUG:colcon.colcon_core.event_handler.log_command:Invoking command in '/home/kyw10987/workspace/build/sub_node_cpp': CMAKE_PREFIX_PATH=${CMAKE_PREFIX_PATH}:/home/kyw10987/workspace/install/image_viewer:/home/kyw10987/workspace/install/sub_node:/home/kyw10987/workspace/install/pub_node:/opt/ros/humble /usr/bin/cmake --build /home/kyw10987/workspace/build/sub_node_cpp -- -j16 -l16
[0.976s] DEBUG:colcon.colcon_core.event_handler.log_command:Invoked command in '/home/kyw10987/workspace/build/pub_node_cpp' returned '0': CMAKE_PREFIX_PATH=${CMAKE_PREFIX_PATH}:/home/kyw10987/workspace/install/image_viewer:/home/kyw10987/workspace/install/sub_node:/home/kyw10987/workspace/install/pub_node:/opt/ros/humble /usr/bin/cmake --build /home/kyw10987/workspace/build/pub_node_cpp -- -j16 -l16
[0.982s] DEBUG:colcon.colcon_core.event_handler.log_command:Invoking command in '/home/kyw10987/workspace/build/pub_node_cpp': CMAKE_PREFIX_PATH=${CMAKE_PREFIX_PATH}:/home/kyw10987/workspace/install/image_viewer:/home/kyw10987/workspace/install/sub_node:/home/kyw10987/workspace/install/pub_node:/opt/ros/humble /usr/bin/cmake --install /home/kyw10987/workspace/build/pub_node_cpp
[0.993s] Level 1:colcon.colcon_core.environment:create_environment_scripts_only(pub_node_cpp)
[0.994s] DEBUG:colcon.colcon_core.event_handler.log_command:Invoked command in '/home/kyw10987/workspace/build/pub_node_cpp' returned '0': CMAKE_PREFIX_PATH=${CMAKE_PREFIX_PATH}:/home/kyw10987/workspace/install/image_viewer:/home/kyw10987/workspace/install/sub_node:/home/kyw10987/workspace/install/pub_node:/opt/ros/humble /usr/bin/cmake --install /home/kyw10987/workspace/build/pub_node_cpp
[1.000s] Level 1:colcon.colcon_core.environment:checking '/home/kyw10987/workspace/install/pub_node_cpp' for CMake module files
[1.001s] Level 1:colcon.colcon_core.environment:checking '/home/kyw10987/workspace/install/pub_node_cpp' for CMake config files
[1.003s] Level 1:colcon.colcon_core.shell:create_environment_hook('pub_node_cpp', 'cmake_prefix_path')
[1.004s] INFO:colcon.colcon_core.shell:Creating environment hook '/home/kyw10987/workspace/install/pub_node_cpp/share/pub_node_cpp/hook/cmake_prefix_path.ps1'
[1.004s] INFO:colcon.colcon_core.shell:Creating environment descriptor '/home/kyw10987/workspace/install/pub_node_cpp/share/pub_node_cpp/hook/cmake_prefix_path.dsv'
[1.004s] INFO:colcon.colcon_core.shell:Creating environment hook '/home/kyw10987/workspace/install/pub_node_cpp/share/pub_node_cpp/hook/cmake_prefix_path.sh'
[1.004s] Level 1:colcon.colcon_core.environment:checking '/home/kyw10987/workspace/install/pub_node_cpp/lib'
[1.005s] Level 1:colcon.colcon_core.environment:checking '/home/kyw10987/workspace/install/pub_node_cpp/bin'
[1.005s] Level 1:colcon.colcon_core.environment:checking '/home/kyw10987/workspace/install/pub_node_cpp/lib/pkgconfig/pub_node_cpp.pc'
[1.005s] Level 1:colcon.colcon_core.environment:checking '/home/kyw10987/workspace/install/pub_node_cpp/lib/python3.10/site-packages'
[1.005s] Level 1:colcon.colcon_core.environment:checking '/home/kyw10987/workspace/install/pub_node_cpp/bin'
[1.006s] INFO:colcon.colcon_core.shell:Creating package script '/home/kyw10987/workspace/install/pub_node_cpp/share/pub_node_cpp/package.ps1'
[1.006s] INFO:colcon.colcon_core.shell:Creating package descriptor '/home/kyw10987/workspace/install/pub_node_cpp/share/pub_node_cpp/package.dsv'
[1.008s] INFO:colcon.colcon_core.shell:Creating package script '/home/kyw10987/workspace/install/pub_node_cpp/share/pub_node_cpp/package.sh'
[1.009s] INFO:colcon.colcon_core.shell:Creating package script '/home/kyw10987/workspace/install/pub_node_cpp/share/pub_node_cpp/package.bash'
[1.010s] INFO:colcon.colcon_core.shell:Creating package script '/home/kyw10987/workspace/install/pub_node_cpp/share/pub_node_cpp/package.zsh'
[1.011s] Level 1:colcon.colcon_core.environment:create_file_with_runtime_dependencies(/home/kyw10987/workspace/install/pub_node_cpp/share/colcon-core/packages/pub_node_cpp)
[1.012s] Level 1:colcon.colcon_core.environment:create_environment_scripts_only(pub_node_cpp)
[1.012s] Level 1:colcon.colcon_core.environment:checking '/home/kyw10987/workspace/install/pub_node_cpp' for CMake module files
[1.013s] Level 1:colcon.colcon_core.environment:checking '/home/kyw10987/workspace/install/pub_node_cpp' for CMake config files
[1.013s] Level 1:colcon.colcon_core.shell:create_environment_hook('pub_node_cpp', 'cmake_prefix_path')
[1.013s] INFO:colcon.colcon_core.shell:Creating environment hook '/home/kyw10987/workspace/install/pub_node_cpp/share/pub_node_cpp/hook/cmake_prefix_path.ps1'
[1.013s] INFO:colcon.colcon_core.shell:Creating environment descriptor '/home/kyw10987/workspace/install/pub_node_cpp/share/pub_node_cpp/hook/cmake_prefix_path.dsv'
[1.014s] INFO:colcon.colcon_core.shell:Creating environment hook '/home/kyw10987/workspace/install/pub_node_cpp/share/pub_node_cpp/hook/cmake_prefix_path.sh'
[1.014s] Level 1:colcon.colcon_core.environment:checking '/home/kyw10987/workspace/install/pub_node_cpp/lib'
[1.014s] Level 1:colcon.colcon_core.environment:checking '/home/kyw10987/workspace/install/pub_node_cpp/bin'
[1.014s] Level 1:colcon.colcon_core.environment:checking '/home/kyw10987/workspace/install/pub_node_cpp/lib/pkgconfig/pub_node_cpp.pc'
[1.014s] Level 1:colcon.colcon_core.environment:checking '/home/kyw10987/workspace/install/pub_node_cpp/lib/python3.10/site-packages'
[1.014s] Level 1:colcon.colcon_core.environment:checking '/home/kyw10987/workspace/install/pub_node_cpp/bin'
[1.015s] INFO:colcon.colcon_core.shell:Creating package script '/home/kyw10987/workspace/install/pub_node_cpp/share/pub_node_cpp/package.ps1'
[1.015s] INFO:colcon.colcon_core.shell:Creating package descriptor '/home/kyw10987/workspace/install/pub_node_cpp/share/pub_node_cpp/package.dsv'
[1.016s] INFO:colcon.colcon_core.shell:Creating package script '/home/kyw10987/workspace/install/pub_node_cpp/share/pub_node_cpp/package.sh'
[1.016s] INFO:colcon.colcon_core.shell:Creating package script '/home/kyw10987/workspace/install/pub_node_cpp/share/pub_node_cpp/package.bash'
[1.017s] INFO:colcon.colcon_core.shell:Creating package script '/home/kyw10987/workspace/install/pub_node_cpp/share/pub_node_cpp/package.zsh'
[1.017s] Level 1:colcon.colcon_core.environment:create_file_with_runtime_dependencies(/home/kyw10987/workspace/install/pub_node_cpp/share/colcon-core/packages/pub_node_cpp)
[1.020s] DEBUG:colcon.colcon_core.event_handler.log_command:Invoked command in '/home/kyw10987/workspace/build/sub_node_cpp' returned '0': CMAKE_PREFIX_PATH=${CMAKE_PREFIX_PATH}:/home/kyw10987/workspace/install/image_viewer:/home/kyw10987/workspace/install/sub_node:/home/kyw10987/workspace/install/pub_node:/opt/ros/humble /usr/bin/cmake --build /home/kyw10987/workspace/build/sub_node_cpp -- -j16 -l16
[1.023s] DEBUG:colcon.colcon_core.event_handler.log_command:Invoking command in '/home/kyw10987/workspace/build/sub_node_cpp': CMAKE_PREFIX_PATH=${CMAKE_PREFIX_PATH}:/home/kyw10987/workspace/install/image_viewer:/home/kyw10987/workspace/install/sub_node:/home/kyw10987/workspace/install/pub_node:/opt/ros/humble /usr/bin/cmake --install /home/kyw10987/workspace/build/sub_node_cpp
[1.031s] Level 1:colcon.colcon_core.environment:create_environment_scripts_only(sub_node_cpp)
[1.031s] Level 1:colcon.colcon_core.environment:checking '/home/kyw10987/workspace/install/sub_node_cpp' for CMake module files
[1.032s] DEBUG:colcon.colcon_core.event_handler.log_command:Invoked command in '/home/kyw10987/workspace/build/sub_node_cpp' returned '0': CMAKE_PREFIX_PATH=${CMAKE_PREFIX_PATH}:/home/kyw10987/workspace/install/image_viewer:/home/kyw10987/workspace/install/sub_node:/home/kyw10987/workspace/install/pub_node:/opt/ros/humble /usr/bin/cmake --install /home/kyw10987/workspace/build/sub_node_cpp
[1.032s] Level 1:colcon.colcon_core.environment:checking '/home/kyw10987/workspace/install/sub_node_cpp' for CMake config files
[1.033s] Level 1:colcon.colcon_core.shell:create_environment_hook('sub_node_cpp', 'cmake_prefix_path')
[1.034s] INFO:colcon.colcon_core.shell:Creating environment hook '/home/kyw10987/workspace/install/sub_node_cpp/share/sub_node_cpp/hook/cmake_prefix_path.ps1'
[1.034s] INFO:colcon.colcon_core.shell:Creating environment descriptor '/home/kyw10987/workspace/install/sub_node_cpp/share/sub_node_cpp/hook/cmake_prefix_path.dsv'
[1.034s] INFO:colcon.colcon_core.shell:Creating environment hook '/home/kyw10987/workspace/install/sub_node_cpp/share/sub_node_cpp/hook/cmake_prefix_path.sh'
[1.035s] Level 1:colcon.colcon_core.environment:checking '/home/kyw10987/workspace/install/sub_node_cpp/lib'
[1.035s] Level 1:colcon.colcon_core.environment:checking '/home/kyw10987/workspace/install/sub_node_cpp/bin'
[1.035s] Level 1:colcon.colcon_core.environment:checking '/home/kyw10987/workspace/install/sub_node_cpp/lib/pkgconfig/sub_node_cpp.pc'
[1.036s] Level 1:colcon.colcon_core.environment:checking '/home/kyw10987/workspace/install/sub_node_cpp/lib/python3.10/site-packages'
[1.036s] Level 1:colcon.colcon_core.environment:checking '/home/kyw10987/workspace/install/sub_node_cpp/bin'
[1.036s] INFO:colcon.colcon_core.shell:Creating package script '/home/kyw10987/workspace/install/sub_node_cpp/share/sub_node_cpp/package.ps1'
[1.036s] INFO:colcon.colcon_core.shell:Creating package descriptor '/home/kyw10987/workspace/install/sub_node_cpp/share/sub_node_cpp/package.dsv'
[1.037s] INFO:colcon.colcon_core.shell:Creating package script '/home/kyw10987/workspace/install/sub_node_cpp/share/sub_node_cpp/package.sh'
[1.037s] INFO:colcon.colcon_core.shell:Creating package script '/home/kyw10987/workspace/install/sub_node_cpp/share/sub_node_cpp/package.bash'
[1.037s] INFO:colcon.colcon_core.shell:Creating package script '/home/kyw10987/workspace/install/sub_node_cpp/share/sub_node_cpp/package.zsh'
[1.037s] Level 1:colcon.colcon_core.environment:create_file_with_runtime_dependencies(/home/kyw10987/workspace/install/sub_node_cpp/share/colcon-core/packages/sub_node_cpp)
[1.038s] Level 1:colcon.colcon_core.environment:create_environment_scripts_only(sub_node_cpp)
[1.038s] Level 1:colcon.colcon_core.environment:checking '/home/kyw10987/workspace/install/sub_node_cpp' for CMake module files
[1.038s] Level 1:colcon.colcon_core.environment:checking '/home/kyw10987/workspace/install/sub_node_cpp' for CMake config files
[1.038s] Level 1:colcon.colcon_core.shell:create_environment_hook('sub_node_cpp', 'cmake_prefix_path')
[1.038s] INFO:colcon.colcon_core.shell:Creating environment hook '/home/kyw10987/workspace/install/sub_node_cpp/share/sub_node_cpp/hook/cmake_prefix_path.ps1'
[1.038s] INFO:colcon.colcon_core.shell:Creating environment descriptor '/home/kyw10987/workspace/install/sub_node_cpp/share/sub_node_cpp/hook/cmake_prefix_path.dsv'
[1.039s] INFO:colcon.colcon_core.shell:Creating environment hook '/home/kyw10987/workspace/install/sub_node_cpp/share/sub_node_cpp/hook/cmake_prefix_path.sh'
[1.039s] Level 1:colcon.colcon_core.environment:checking '/home/kyw10987/workspace/install/sub_node_cpp/lib'
[1.039s] Level 1:colcon.colcon_core.environment:checking '/home/kyw10987/workspace/install/sub_node_cpp/bin'
[1.039s] Level 1:colcon.colcon_core.environment:checking '/home/kyw10987/workspace/install/sub_node_cpp/lib/pkgconfig/sub_node_cpp.pc'
[1.039s] Level 1:colcon.colcon_core.environment:checking '/home/kyw10987/workspace/install/sub_node_cpp/lib/python3.10/site-packages'
[1.039s] Level 1:colcon.colcon_core.environment:checking '/home/kyw10987/workspace/install/sub_node_cpp/bin'
[1.040s] INFO:colcon.colcon_core.shell:Creating package script '/home/kyw10987/workspace/install/sub_node_cpp/share/sub_node_cpp/package.ps1'
[1.040s] INFO:colcon.colcon_core.shell:Creating package descriptor '/home/kyw10987/workspace/install/sub_node_cpp/share/sub_node_cpp/package.dsv'
[1.040s] INFO:colcon.colcon_core.shell:Creating package script '/home/kyw10987/workspace/install/sub_node_cpp/share/sub_node_cpp/package.sh'
[1.040s] INFO:colcon.colcon_core.shell:Creating package script '/home/kyw10987/workspace/install/sub_node_cpp/share/sub_node_cpp/package.bash'
[1.041s] INFO:colcon.colcon_core.shell:Creating package script '/home/kyw10987/workspace/install/sub_node_cpp/share/sub_node_cpp/package.zsh'
[1.041s] Level 1:colcon.colcon_core.environment:create_file_with_runtime_dependencies(/home/kyw10987/workspace/install/sub_node_cpp/share/colcon-core/packages/sub_node_cpp)
[1.352s] DEBUG:colcon.colcon_core.event_handler.log_command:Invoking command in '/home/kyw10987/workspace/src/pub_node': PYTHONPATH=/home/kyw10987/workspace/build/pub_node/prefix_override:/usr/lib/python3/dist-packages/colcon_core/task/python/colcon_distutils_commands:/home/kyw10987/workspace/install/pub_node/lib/python3.10/site-packages:${PYTHONPATH} /usr/bin/python3 -W ignore:setup.py install is deprecated -W ignore:easy_install command is deprecated setup.py egg_info --egg-base ../../build/pub_node build --build-base /home/kyw10987/workspace/build/pub_node/build install --record /home/kyw10987/workspace/build/pub_node/install.log --single-version-externally-managed install_data
[1.356s] DEBUG:colcon.colcon_core.event_handler.log_command:Invoking command in '/home/kyw10987/workspace/src/image_viewer': PYTHONPATH=/home/kyw10987/workspace/build/image_viewer/prefix_override:/usr/lib/python3/dist-packages/colcon_core/task/python/colcon_distutils_commands:/home/kyw10987/workspace/install/image_viewer/lib/python3.10/site-packages:${PYTHONPATH} /usr/bin/python3 -W ignore:setup.py install is deprecated -W ignore:easy_install command is deprecated setup.py egg_info --egg-base ../../build/image_viewer build --build-base /home/kyw10987/workspace/build/image_viewer/build install --record /home/kyw10987/workspace/build/image_viewer/install.log --single-version-externally-managed install_data
[1.357s] DEBUG:colcon.colcon_core.event_handler.log_command:Invoking command in '/home/kyw10987/workspace/src/sub_node': PYTHONPATH=/home/kyw10987/workspace/build/sub_node/prefix_override:/usr/lib/python3/dist-packages/colcon_core/task/python/colcon_distutils_commands:/home/kyw10987/workspace/install/sub_node/lib/python3.10/site-packages:${PYTHONPATH} /usr/bin/python3 -W ignore:setup.py install is deprecated -W ignore:easy_install command is deprecated setup.py egg_info --egg-base ../../build/sub_node build --build-base /home/kyw10987/workspace/build/sub_node/build install --record /home/kyw10987/workspace/build/sub_node/install.log --single-version-externally-managed install_data
[1.526s] Level 1:colcon.colcon_core.environment:checking '/home/kyw10987/workspace/install/pub_node' for CMake module files
[1.527s] DEBUG:colcon.colcon_core.event_handler.log_command:Invoked command in '/home/kyw10987/workspace/src/pub_node' returned '0': PYTHONPATH=/home/kyw10987/workspace/build/pub_node/prefix_override:/usr/lib/python3/dist-packages/colcon_core/task/python/colcon_distutils_commands:/home/kyw10987/workspace/install/pub_node/lib/python3.10/site-packages:${PYTHONPATH} /usr/bin/python3 -W ignore:setup.py install is deprecated -W ignore:easy_install command is deprecated setup.py egg_info --egg-base ../../build/pub_node build --build-base /home/kyw10987/workspace/build/pub_node/build install --record /home/kyw10987/workspace/build/pub_node/install.log --single-version-externally-managed install_data
[1.527s] Level 1:colcon.colcon_core.environment:checking '/home/kyw10987/workspace/install/pub_node' for CMake config files
[1.531s] Level 1:colcon.colcon_core.environment:checking '/home/kyw10987/workspace/install/pub_node/lib'
[1.531s] Level 1:colcon.colcon_core.environment:checking '/home/kyw10987/workspace/install/pub_node/bin'
[1.531s] Level 1:colcon.colcon_core.environment:checking '/home/kyw10987/workspace/install/pub_node/lib/pkgconfig/pub_node.pc'
[1.531s] Level 1:colcon.colcon_core.environment:checking '/home/kyw10987/workspace/install/pub_node/lib/python3.10/site-packages'
[1.531s] Level 1:colcon.colcon_core.shell:create_environment_hook('pub_node', 'pythonpath')
[1.531s] INFO:colcon.colcon_core.shell:Creating environment hook '/home/kyw10987/workspace/install/pub_node/share/pub_node/hook/pythonpath.ps1'
[1.531s] INFO:colcon.colcon_core.shell:Creating environment descriptor '/home/kyw10987/workspace/install/pub_node/share/pub_node/hook/pythonpath.dsv'
[1.532s] INFO:colcon.colcon_core.shell:Creating environment hook '/home/kyw10987/workspace/install/pub_node/share/pub_node/hook/pythonpath.sh'
[1.532s] Level 1:colcon.colcon_core.environment:checking '/home/kyw10987/workspace/install/pub_node/bin'
[1.532s] Level 1:colcon.colcon_core.environment:create_environment_scripts_only(pub_node)
[1.532s] INFO:colcon.colcon_core.shell:Creating package script '/home/kyw10987/workspace/install/pub_node/share/pub_node/package.ps1'
[1.533s] INFO:colcon.colcon_core.shell:Creating package descriptor '/home/kyw10987/workspace/install/pub_node/share/pub_node/package.dsv'
[1.533s] INFO:colcon.colcon_core.shell:Creating package script '/home/kyw10987/workspace/install/pub_node/share/pub_node/package.sh'
[1.533s] INFO:colcon.colcon_core.shell:Creating package script '/home/kyw10987/workspace/install/pub_node/share/pub_node/package.bash'
[1.533s] INFO:colcon.colcon_core.shell:Creating package script '/home/kyw10987/workspace/install/pub_node/share/pub_node/package.zsh'
[1.534s] Level 1:colcon.colcon_core.environment:create_file_with_runtime_dependencies(/home/kyw10987/workspace/install/pub_node/share/colcon-core/packages/pub_node)
[1.535s] Level 1:colcon.colcon_core.environment:checking '/home/kyw10987/workspace/install/image_viewer' for CMake module files
[1.536s] DEBUG:colcon.colcon_core.event_handler.log_command:Invoked command in '/home/kyw10987/workspace/src/image_viewer' returned '0': PYTHONPATH=/home/kyw10987/workspace/build/image_viewer/prefix_override:/usr/lib/python3/dist-packages/colcon_core/task/python/colcon_distutils_commands:/home/kyw10987/workspace/install/image_viewer/lib/python3.10/site-packages:${PYTHONPATH} /usr/bin/python3 -W ignore:setup.py install is deprecated -W ignore:easy_install command is deprecated setup.py egg_info --egg-base ../../build/image_viewer build --build-base /home/kyw10987/workspace/build/image_viewer/build install --record /home/kyw10987/workspace/build/image_viewer/install.log --single-version-externally-managed install_data
[1.536s] Level 1:colcon.colcon_core.environment:checking '/home/kyw10987/workspace/install/image_viewer' for CMake config files
[1.537s] Level 1:colcon.colcon_core.environment:checking '/home/kyw10987/workspace/install/image_viewer/lib'
[1.537s] Level 1:colcon.colcon_core.environment:checking '/home/kyw10987/workspace/install/image_viewer/bin'
[1.537s] Level 1:colcon.colcon_core.environment:checking '/home/kyw10987/workspace/install/image_viewer/lib/pkgconfig/image_viewer.pc'
[1.537s] Level 1:colcon.colcon_core.environment:checking '/home/kyw10987/workspace/install/image_viewer/lib/python3.10/site-packages'
[1.537s] Level 1:colcon.colcon_core.shell:create_environment_hook('image_viewer', 'pythonpath')
[1.538s] INFO:colcon.colcon_core.shell:Creating environment hook '/home/kyw10987/workspace/install/image_viewer/share/image_viewer/hook/pythonpath.ps1'
[1.538s] INFO:colcon.colcon_core.shell:Creating environment descriptor '/home/kyw10987/workspace/install/image_viewer/share/image_viewer/hook/pythonpath.dsv'
[1.538s] INFO:colcon.colcon_core.shell:Creating environment hook '/home/kyw10987/workspace/install/image_viewer/share/image_viewer/hook/pythonpath.sh'
[1.538s] Level 1:colcon.colcon_core.environment:checking '/home/kyw10987/workspace/install/image_viewer/bin'
[1.538s] Level 1:colcon.colcon_core.environment:create_environment_scripts_only(image_viewer)
[1.539s] INFO:colcon.colcon_core.shell:Creating package script '/home/kyw10987/workspace/install/image_viewer/share/image_viewer/package.ps1'
[1.539s] INFO:colcon.colcon_core.shell:Creating package descriptor '/home/kyw10987/workspace/install/image_viewer/share/image_viewer/package.dsv'
[1.539s] INFO:colcon.colcon_core.shell:Creating package script '/home/kyw10987/workspace/install/image_viewer/share/image_viewer/package.sh'
[1.539s] INFO:colcon.colcon_core.shell:Creating package script '/home/kyw10987/workspace/install/image_viewer/share/image_viewer/package.bash'
[1.540s] INFO:colcon.colcon_core.shell:Creating package script '/home/kyw10987/workspace/install/image_viewer/share/image_viewer/package.zsh'
[1.540s] Level 1:colcon.colcon_core.environment:create_file_with_runtime_dependencies(/home/kyw10987/workspace/install/image_viewer/share/colcon-core/packages/image_viewer)
[1.540s] Level 1:colcon.colcon_core.environment:checking '/home/kyw10987/workspace/install/sub_node' for CMake module files
[1.541s] DEBUG:colcon.colcon_core.event_handler.log_command:Invoked command in '/home/kyw10987/workspace/src/sub_node' returned '0': PYTHONPATH=/home/kyw10987/workspace/build/sub_node/prefix_override:/usr/lib/python3/dist-packages/colcon_core/task/python/colcon_distutils_commands:/home/kyw10987/workspace/install/sub_node/lib/python3.10/site-packages:${PYTHONPATH} /usr/bin/python3 -W ignore:setup.py install is deprecated -W ignore:easy_install command is deprecated setup.py egg_info --egg-base ../../build/sub_node build --build-base /home/kyw10987/workspace/build/sub_node/build install --record /home/kyw10987/workspace/build/sub_node/install.log --single-version-externally-managed install_data
[1.541s] Level 1:colcon.colcon_core.environment:checking '/home/kyw10987/workspace/install/sub_node' for CMake config files
[1.544s] Level 1:colcon.colcon_core.environment:checking '/home/kyw10987/workspace/install/sub_node/lib'
[1.544s] Level 1:colcon.colcon_core.environment:checking '/home/kyw10987/workspace/install/sub_node/bin'
[1.544s] Level 1:colcon.colcon_core.environment:checking '/home/kyw10987/workspace/install/sub_node/lib/pkgconfig/sub_node.pc'
[1.544s] Level 1:colcon.colcon_core.environment:checking '/home/kyw10987/workspace/install/sub_node/lib/python3.10/site-packages'
[1.544s] Level 1:colcon.colcon_core.shell:create_environment_hook('sub_node', 'pythonpath')
[1.544s] INFO:colcon.colcon_core.shell:Creating environment hook '/home/kyw10987/workspace/install/sub_node/share/sub_node/hook/pythonpath.ps1'
[1.545s] INFO:colcon.colcon_core.shell:Creating environment descriptor '/home/kyw10987/workspace/install/sub_node/share/sub_node/hook/pythonpath.dsv'
[1.545s] INFO:colcon.colcon_core.shell:Creating environment hook '/home/kyw10987/workspace/install/sub_node/share/sub_node/hook/pythonpath.sh'
[1.545s] Level 1:colcon.colcon_core.environment:checking '/home/kyw10987/workspace/install/sub_node/bin'
[1.545s] Level 1:colcon.colcon_core.environment:create_environment_scripts_only(sub_node)
[1.546s] INFO:colcon.colcon_core.shell:Creating package script '/home/kyw10987/workspace/install/sub_node/share/sub_node/package.ps1'
[1.546s] INFO:colcon.colcon_core.shell:Creating package descriptor '/home/kyw10987/workspace/install/sub_node/share/sub_node/package.dsv'
[1.546s] INFO:colcon.colcon_core.shell:Creating package script '/home/kyw10987/workspace/install/sub_node/share/sub_node/package.sh'
[1.546s] INFO:colcon.colcon_core.shell:Creating package script '/home/kyw10987/workspace/install/sub_node/share/sub_node/package.bash'
[1.547s] INFO:colcon.colcon_core.shell:Creating package script '/home/kyw10987/workspace/install/sub_node/share/sub_node/package.zsh'
[1.547s] Level 1:colcon.colcon_core.environment:create_file_with_runtime_dependencies(/home/kyw10987/workspace/install/sub_node/share/colcon-core/packages/sub_node)
[1.548s] DEBUG:colcon.colcon_parallel_executor.executor.parallel:closing loop
[1.548s] DEBUG:colcon.colcon_parallel_executor.executor.parallel:loop closed
[1.548s] DEBUG:colcon.colcon_parallel_executor.executor.parallel:run_until_complete finished with '0'
[1.549s] DEBUG:colcon.colcon_core.event_reactor:joining thread
[1.590s] INFO:colcon.colcon_core.plugin_system:Skipping extension 'colcon_notification.desktop_notification.notify_send': Could not find 'notify-send'
[1.591s] INFO:colcon.colcon_core.plugin_system:Skipping extension 'colcon_notification.desktop_notification.terminal_notifier': Not used on non-Darwin systems
[1.591s] INFO:colcon.colcon_core.plugin_system:Skipping extension 'colcon_notification.desktop_notification.win32': Not used on non-Windows systems
[1.591s] INFO:colcon.colcon_notification.desktop_notification:Sending desktop notification using 'notify2'
[1.591s] DEBUG:colcon.colcon_notification.desktop_notification.notify2:Failed to initialize notify2: org.freedesktop.DBus.Error.FileNotFound: Failed to connect to socket /run/user/1000/bus: No such file or directory
[1.591s] DEBUG:colcon.colcon_core.event_reactor:joined thread
[1.591s] INFO:colcon.colcon_core.shell:Creating prefix script '/home/kyw10987/workspace/install/local_setup.ps1'
[1.592s] INFO:colcon.colcon_core.shell:Creating prefix util module '/home/kyw10987/workspace/install/_local_setup_util_ps1.py'
[1.594s] INFO:colcon.colcon_core.shell:Creating prefix chain script '/home/kyw10987/workspace/install/setup.ps1'
[1.595s] INFO:colcon.colcon_core.shell:Creating prefix script '/home/kyw10987/workspace/install/local_setup.sh'
[1.596s] INFO:colcon.colcon_core.shell:Creating prefix util module '/home/kyw10987/workspace/install/_local_setup_util_sh.py'
[1.596s] INFO:colcon.colcon_core.shell:Creating prefix chain script '/home/kyw10987/workspace/install/setup.sh'
[1.597s] INFO:colcon.colcon_core.shell:Creating prefix script '/home/kyw10987/workspace/install/local_setup.bash'
[1.598s] INFO:colcon.colcon_core.shell:Creating prefix chain script '/home/kyw10987/workspace/install/setup.bash'
[1.599s] INFO:colcon.colcon_core.shell:Creating prefix script '/home/kyw10987/workspace/install/local_setup.zsh'
[1.600s] INFO:colcon.colcon_core.shell:Creating prefix chain script '/home/kyw10987/workspace/install/setup.zsh'
