running egg_info
creating ../../build/pub_node/pub_node.egg-info
writing ../../build/pub_node/pub_node.egg-info/PKG-INFO
writing dependency_links to ../../build/pub_node/pub_node.egg-info/dependency_links.txt
writing entry points to ../../build/pub_node/pub_node.egg-info/entry_points.txt
writing requirements to ../../build/pub_node/pub_node.egg-info/requires.txt
writing top-level names to ../../build/pub_node/pub_node.egg-info/top_level.txt
writing manifest file '../../build/pub_node/pub_node.egg-info/SOURCES.txt'
reading manifest file '../../build/pub_node/pub_node.egg-info/SOURCES.txt'
writing manifest file '../../build/pub_node/pub_node.egg-info/SOURCES.txt'
running build
running build_py
creating /home/kyw10987/workspace/build/pub_node/build
creating /home/kyw10987/workspace/build/pub_node/build/lib
creating /home/kyw10987/workspace/build/pub_node/build/lib/pub_node
copying pub_node/__init__.py -> /home/kyw10987/workspace/build/pub_node/build/lib/pub_node
copying pub_node/publisher.py -> /home/kyw10987/workspace/build/pub_node/build/lib/pub_node
running install
running install_lib
creating /home/kyw10987/workspace/install/pub_node/lib/python3.10/site-packages/pub_node
copying /home/kyw10987/workspace/build/pub_node/build/lib/pub_node/__init__.py -> /home/kyw10987/workspace/install/pub_node/lib/python3.10/site-packages/pub_node
copying /home/kyw10987/workspace/build/pub_node/build/lib/pub_node/publisher.py -> /home/kyw10987/workspace/install/pub_node/lib/python3.10/site-packages/pub_node
byte-compiling /home/kyw10987/workspace/install/pub_node/lib/python3.10/site-packages/pub_node/__init__.py to __init__.cpython-310.pyc
byte-compiling /home/kyw10987/workspace/install/pub_node/lib/python3.10/site-packages/pub_node/publisher.py to publisher.cpython-310.pyc
running install_data
creating /home/kyw10987/workspace/install/pub_node/share/ament_index
creating /home/kyw10987/workspace/install/pub_node/share/ament_index/resource_index
creating /home/kyw10987/workspace/install/pub_node/share/ament_index/resource_index/packages
copying resource/pub_node -> /home/kyw10987/workspace/install/pub_node/share/ament_index/resource_index/packages
copying package.xml -> /home/kyw10987/workspace/install/pub_node/share/pub_node
running install_egg_info
Copying ../../build/pub_node/pub_node.egg-info to /home/kyw10987/workspace/install/pub_node/lib/python3.10/site-packages/pub_node-0.0.0-py3.10.egg-info
running install_scripts
Installing publisher script to /home/kyw10987/workspace/install/pub_node/lib/pub_node
writing list of installed files to '/home/kyw10987/workspace/build/pub_node/install.log'
