[0.388s] Invoking command in '/home/kyw10987/workspace/src/pub_node': PYTHONPATH=/home/kyw10987/workspace/build/pub_node/prefix_override:/usr/lib/python3/dist-packages/colcon_core/task/python/colcon_distutils_commands:/home/kyw10987/workspace/install/pub_node/lib/python3.10/site-packages:${PYTHONPATH} /usr/bin/python3 -W ignore:setup.py install is deprecated -W ignore:easy_install command is deprecated setup.py egg_info --egg-base ../../build/pub_node build --build-base /home/kyw10987/workspace/build/pub_node/build install --record /home/kyw10987/workspace/build/pub_node/install.log --single-version-externally-managed install_data
[0.507s] running egg_info
[0.507s] creating ../../build/pub_node/pub_node.egg-info
[0.508s] writing ../../build/pub_node/pub_node.egg-info/PKG-INFO
[0.509s] writing dependency_links to ../../build/pub_node/pub_node.egg-info/dependency_links.txt
[0.509s] writing entry points to ../../build/pub_node/pub_node.egg-info/entry_points.txt
[0.509s] writing requirements to ../../build/pub_node/pub_node.egg-info/requires.txt
[0.509s] writing top-level names to ../../build/pub_node/pub_node.egg-info/top_level.txt
[0.509s] writing manifest file '../../build/pub_node/pub_node.egg-info/SOURCES.txt'
[0.509s] reading manifest file '../../build/pub_node/pub_node.egg-info/SOURCES.txt'
[0.510s] writing manifest file '../../build/pub_node/pub_node.egg-info/SOURCES.txt'
[0.510s] running build
[0.510s] running build_py
[0.510s] creating /home/kyw10987/workspace/build/pub_node/build
[0.510s] creating /home/kyw10987/workspace/build/pub_node/build/lib
[0.510s] creating /home/kyw10987/workspace/build/pub_node/build/lib/pub_node
[0.510s] copying pub_node/__init__.py -> /home/kyw10987/workspace/build/pub_node/build/lib/pub_node
[0.510s] copying pub_node/publisher.py -> /home/kyw10987/workspace/build/pub_node/build/lib/pub_node
[0.510s] running install
[0.510s] running install_lib
[0.511s] creating /home/kyw10987/workspace/install/pub_node/lib/python3.10/site-packages/pub_node
[0.511s] copying /home/kyw10987/workspace/build/pub_node/build/lib/pub_node/__init__.py -> /home/kyw10987/workspace/install/pub_node/lib/python3.10/site-packages/pub_node
[0.511s] copying /home/kyw10987/workspace/build/pub_node/build/lib/pub_node/publisher.py -> /home/kyw10987/workspace/install/pub_node/lib/python3.10/site-packages/pub_node
[0.512s] byte-compiling /home/kyw10987/workspace/install/pub_node/lib/python3.10/site-packages/pub_node/__init__.py to __init__.cpython-310.pyc
[0.512s] byte-compiling /home/kyw10987/workspace/install/pub_node/lib/python3.10/site-packages/pub_node/publisher.py to publisher.cpython-310.pyc
[0.512s] running install_data
[0.512s] creating /home/kyw10987/workspace/install/pub_node/share/ament_index
[0.512s] creating /home/kyw10987/workspace/install/pub_node/share/ament_index/resource_index
[0.512s] creating /home/kyw10987/workspace/install/pub_node/share/ament_index/resource_index/packages
[0.512s] copying resource/pub_node -> /home/kyw10987/workspace/install/pub_node/share/ament_index/resource_index/packages
[0.512s] copying package.xml -> /home/kyw10987/workspace/install/pub_node/share/pub_node
[0.512s] running install_egg_info
[0.513s] Copying ../../build/pub_node/pub_node.egg-info to /home/kyw10987/workspace/install/pub_node/lib/python3.10/site-packages/pub_node-0.0.0-py3.10.egg-info
[0.514s] running install_scripts
[0.527s] Installing publisher script to /home/kyw10987/workspace/install/pub_node/lib/pub_node
[0.528s] writing list of installed files to '/home/kyw10987/workspace/build/pub_node/install.log'
[0.541s] Invoked command in '/home/kyw10987/workspace/src/pub_node' returned '0': PYTHONPATH=/home/kyw10987/workspace/build/pub_node/prefix_override:/usr/lib/python3/dist-packages/colcon_core/task/python/colcon_distutils_commands:/home/kyw10987/workspace/install/pub_node/lib/python3.10/site-packages:${PYTHONPATH} /usr/bin/python3 -W ignore:setup.py install is deprecated -W ignore:easy_install command is deprecated setup.py egg_info --egg-base ../../build/pub_node build --build-base /home/kyw10987/workspace/build/pub_node/build install --record /home/kyw10987/workspace/build/pub_node/install.log --single-version-externally-managed install_data
