running egg_info
creating ../../build/joystick_control/joystick_control.egg-info
writing ../../build/joystick_control/joystick_control.egg-info/PKG-INFO
writing dependency_links to ../../build/joystick_control/joystick_control.egg-info/dependency_links.txt
writing entry points to ../../build/joystick_control/joystick_control.egg-info/entry_points.txt
writing requirements to ../../build/joystick_control/joystick_control.egg-info/requires.txt
writing top-level names to ../../build/joystick_control/joystick_control.egg-info/top_level.txt
writing manifest file '../../build/joystick_control/joystick_control.egg-info/SOURCES.txt'
reading manifest file '../../build/joystick_control/joystick_control.egg-info/SOURCES.txt'
writing manifest file '../../build/joystick_control/joystick_control.egg-info/SOURCES.txt'
running build
running install
running install_data
creating /home/kyw10987/workspace/install/joystick_control/share/ament_index
creating /home/kyw10987/workspace/install/joystick_control/share/ament_index/resource_index
creating /home/kyw10987/workspace/install/joystick_control/share/ament_index/resource_index/packages
copying resource/joystick_control -> /home/kyw10987/workspace/install/joystick_control/share/ament_index/resource_index/packages
copying package.xml -> /home/kyw10987/workspace/install/joystick_control/share/joystick_control
running install_egg_info
Copying ../../build/joystick_control/joystick_control.egg-info to /home/kyw10987/workspace/install/joystick_control/lib/python3.10/site-packages/joystick_control-0.0.0-py3.10.egg-info
running install_scripts
Installing joystick_control_publisher script to /home/kyw10987/workspace/install/joystick_control/lib/joystick_control
Installing joystick_control_subscriber script to /home/kyw10987/workspace/install/joystick_control/lib/joystick_control
writing list of installed files to '/home/kyw10987/workspace/build/joystick_control/install.log'
