[0.699s] Invoking command in '/home/kyw10987/workspace/src/joystick_control': PYTHONPATH=/home/kyw10987/workspace/build/joystick_control/prefix_override:/usr/lib/python3/dist-packages/colcon_core/task/python/colcon_distutils_commands:/home/kyw10987/workspace/install/joystick_control/lib/python3.10/site-packages:${PYTHONPATH} /usr/bin/python3 -W ignore:setup.py install is deprecated -W ignore:easy_install command is deprecated setup.py egg_info --egg-base ../../build/joystick_control build --build-base /home/kyw10987/workspace/build/joystick_control/build install --record /home/kyw10987/workspace/build/joystick_control/install.log --single-version-externally-managed install_data
[0.815s] running egg_info
[0.816s] creating ../../build/joystick_control/joystick_control.egg-info
[0.816s] writing ../../build/joystick_control/joystick_control.egg-info/PKG-INFO
[0.816s] writing dependency_links to ../../build/joystick_control/joystick_control.egg-info/dependency_links.txt
[0.816s] writing entry points to ../../build/joystick_control/joystick_control.egg-info/entry_points.txt
[0.816s] writing requirements to ../../build/joystick_control/joystick_control.egg-info/requires.txt
[0.816s] writing top-level names to ../../build/joystick_control/joystick_control.egg-info/top_level.txt
[0.817s] writing manifest file '../../build/joystick_control/joystick_control.egg-info/SOURCES.txt'
[0.817s] reading manifest file '../../build/joystick_control/joystick_control.egg-info/SOURCES.txt'
[0.817s] writing manifest file '../../build/joystick_control/joystick_control.egg-info/SOURCES.txt'
[0.817s] running build
[0.817s] running install
[0.818s] running install_data
[0.818s] creating /home/kyw10987/workspace/install/joystick_control/share/ament_index
[0.818s] creating /home/kyw10987/workspace/install/joystick_control/share/ament_index/resource_index
[0.818s] creating /home/kyw10987/workspace/install/joystick_control/share/ament_index/resource_index/packages
[0.818s] copying resource/joystick_control -> /home/kyw10987/workspace/install/joystick_control/share/ament_index/resource_index/packages
[0.818s] copying package.xml -> /home/kyw10987/workspace/install/joystick_control/share/joystick_control
[0.818s] running install_egg_info
[0.819s] Copying ../../build/joystick_control/joystick_control.egg-info to /home/kyw10987/workspace/install/joystick_control/lib/python3.10/site-packages/joystick_control-0.0.0-py3.10.egg-info
[0.820s] running install_scripts
[0.831s] Installing joystick_control_publisher script to /home/kyw10987/workspace/install/joystick_control/lib/joystick_control
[0.832s] Installing joystick_control_subscriber script to /home/kyw10987/workspace/install/joystick_control/lib/joystick_control
[0.832s] writing list of installed files to '/home/kyw10987/workspace/build/joystick_control/install.log'
[0.860s] Invoked command in '/home/kyw10987/workspace/src/joystick_control' returned '0': PYTHONPATH=/home/kyw10987/workspace/build/joystick_control/prefix_override:/usr/lib/python3/dist-packages/colcon_core/task/python/colcon_distutils_commands:/home/kyw10987/workspace/install/joystick_control/lib/python3.10/site-packages:${PYTHONPATH} /usr/bin/python3 -W ignore:setup.py install is deprecated -W ignore:easy_install command is deprecated setup.py egg_info --egg-base ../../build/joystick_control build --build-base /home/kyw10987/workspace/build/joystick_control/build install --record /home/kyw10987/workspace/build/joystick_control/install.log --single-version-externally-managed install_data
