running egg_info
creating ../../build/image_viewer/image_viewer.egg-info
writing ../../build/image_viewer/image_viewer.egg-info/PKG-INFO
writing dependency_links to ../../build/image_viewer/image_viewer.egg-info/dependency_links.txt
writing entry points to ../../build/image_viewer/image_viewer.egg-info/entry_points.txt
writing requirements to ../../build/image_viewer/image_viewer.egg-info/requires.txt
writing top-level names to ../../build/image_viewer/image_viewer.egg-info/top_level.txt
writing manifest file '../../build/image_viewer/image_viewer.egg-info/SOURCES.txt'
reading manifest file '../../build/image_viewer/image_viewer.egg-info/SOURCES.txt'
writing manifest file '../../build/image_viewer/image_viewer.egg-info/SOURCES.txt'
running build
running build_py
creating /home/kyw10987/workspace/build/image_viewer/build
creating /home/kyw10987/workspace/build/image_viewer/build/lib
creating /home/kyw10987/workspace/build/image_viewer/build/lib/image_viewer
copying image_viewer/__init__.py -> /home/kyw10987/workspace/build/image_viewer/build/lib/image_viewer
copying image_viewer/viewer.py -> /home/kyw10987/workspace/build/image_viewer/build/lib/image_viewer
running install
running install_lib
creating /home/kyw10987/workspace/install/image_viewer/lib/python3.10/site-packages/image_viewer
copying /home/kyw10987/workspace/build/image_viewer/build/lib/image_viewer/__init__.py -> /home/kyw10987/workspace/install/image_viewer/lib/python3.10/site-packages/image_viewer
copying /home/kyw10987/workspace/build/image_viewer/build/lib/image_viewer/viewer.py -> /home/kyw10987/workspace/install/image_viewer/lib/python3.10/site-packages/image_viewer
byte-compiling /home/kyw10987/workspace/install/image_viewer/lib/python3.10/site-packages/image_viewer/__init__.py to __init__.cpython-310.pyc
byte-compiling /home/kyw10987/workspace/install/image_viewer/lib/python3.10/site-packages/image_viewer/viewer.py to viewer.cpython-310.pyc
running install_data
creating /home/kyw10987/workspace/install/image_viewer/share/ament_index
creating /home/kyw10987/workspace/install/image_viewer/share/ament_index/resource_index
creating /home/kyw10987/workspace/install/image_viewer/share/ament_index/resource_index/packages
copying resource/image_viewer -> /home/kyw10987/workspace/install/image_viewer/share/ament_index/resource_index/packages
copying package.xml -> /home/kyw10987/workspace/install/image_viewer/share/image_viewer
running install_egg_info
Copying ../../build/image_viewer/image_viewer.egg-info to /home/kyw10987/workspace/install/image_viewer/lib/python3.10/site-packages/image_viewer-0.0.0-py3.10.egg-info
running install_scripts
Installing viewer script to /home/kyw10987/workspace/install/image_viewer/lib/image_viewer
writing list of installed files to '/home/kyw10987/workspace/build/image_viewer/install.log'
