[0.828s] Invoking command in '/home/kyw10987/workspace/src/pub_node': PYTHONPATH=/home/kyw10987/workspace/build/pub_node/prefix_override:/usr/lib/python3/dist-packages/colcon_core/task/python/colcon_distutils_commands:/home/kyw10987/workspace/install/pub_node/lib/python3.10/site-packages:${PYTHONPATH} /usr/bin/python3 -W ignore:setup.py install is deprecated -W ignore:easy_install command is deprecated setup.py egg_info --egg-base ../../build/pub_node build --build-base /home/kyw10987/workspace/build/pub_node/build install --record /home/kyw10987/workspace/build/pub_node/install.log --single-version-externally-managed install_data
[0.959s] running egg_info
[0.960s] writing ../../build/pub_node/pub_node.egg-info/PKG-INFO
[0.960s] writing dependency_links to ../../build/pub_node/pub_node.egg-info/dependency_links.txt
[0.960s] writing entry points to ../../build/pub_node/pub_node.egg-info/entry_points.txt
[0.961s] writing requirements to ../../build/pub_node/pub_node.egg-info/requires.txt
[0.961s] writing top-level names to ../../build/pub_node/pub_node.egg-info/top_level.txt
[0.963s] reading manifest file '../../build/pub_node/pub_node.egg-info/SOURCES.txt'
[0.965s] writing manifest file '../../build/pub_node/pub_node.egg-info/SOURCES.txt'
[0.965s] running build
[0.965s] running build_py
[0.965s] running install
[0.965s] running install_lib
[0.967s] running install_data
[0.967s] running install_egg_info
[0.969s] removing '/home/kyw10987/workspace/install/pub_node/lib/python3.10/site-packages/pub_node-0.0.0-py3.10.egg-info' (and everything under it)
[0.969s] Copying ../../build/pub_node/pub_node.egg-info to /home/kyw10987/workspace/install/pub_node/lib/python3.10/site-packages/pub_node-0.0.0-py3.10.egg-info
[0.970s] running install_scripts
[0.983s] Installing publisher script to /home/kyw10987/workspace/install/pub_node/lib/pub_node
[0.983s] writing list of installed files to '/home/kyw10987/workspace/build/pub_node/install.log'
[1.003s] Invoked command in '/home/kyw10987/workspace/src/pub_node' returned '0': PYTHONPATH=/home/kyw10987/workspace/build/pub_node/prefix_override:/usr/lib/python3/dist-packages/colcon_core/task/python/colcon_distutils_commands:/home/kyw10987/workspace/install/pub_node/lib/python3.10/site-packages:${PYTHONPATH} /usr/bin/python3 -W ignore:setup.py install is deprecated -W ignore:easy_install command is deprecated setup.py egg_info --egg-base ../../build/pub_node build --build-base /home/kyw10987/workspace/build/pub_node/build install --record /home/kyw10987/workspace/build/pub_node/install.log --single-version-externally-managed install_data
