running egg_info
creating ../../build/motor_controller/motor_controller.egg-info
writing ../../build/motor_controller/motor_controller.egg-info/PKG-INFO
writing dependency_links to ../../build/motor_controller/motor_controller.egg-info/dependency_links.txt
writing entry points to ../../build/motor_controller/motor_controller.egg-info/entry_points.txt
writing requirements to ../../build/motor_controller/motor_controller.egg-info/requires.txt
writing top-level names to ../../build/motor_controller/motor_controller.egg-info/top_level.txt
writing manifest file '../../build/motor_controller/motor_controller.egg-info/SOURCES.txt'
reading manifest file '../../build/motor_controller/motor_controller.egg-info/SOURCES.txt'
writing manifest file '../../build/motor_controller/motor_controller.egg-info/SOURCES.txt'
running build
running install
running install_data
creating /home/kyw10987/workspace/install/motor_controller/share/ament_index
creating /home/kyw10987/workspace/install/motor_controller/share/ament_index/resource_index
creating /home/kyw10987/workspace/install/motor_controller/share/ament_index/resource_index/packages
copying resource/motor_controller -> /home/kyw10987/workspace/install/motor_controller/share/ament_index/resource_index/packages
copying package.xml -> /home/kyw10987/workspace/install/motor_controller/share/motor_controller
running install_egg_info
Copying ../../build/motor_controller/motor_controller.egg-info to /home/kyw10987/workspace/install/motor_controller/lib/python3.10/site-packages/motor_controller-0.0.0-py3.10.egg-info
running install_scripts
Installing motor_controller_pub_node script to /home/kyw10987/workspace/install/motor_controller/lib/motor_controller
Installing motor_controller_sub_node script to /home/kyw10987/workspace/install/motor_controller/lib/motor_controller
writing list of installed files to '/home/kyw10987/workspace/build/motor_controller/install.log'
