[0.200s] DEBUG:colcon:Command line arguments: ['/usr/bin/colcon', 'build']
[0.200s] DEBUG:colcon:Parsed command line arguments: Namespace(log_base=None, log_level=None, verb_name='build', build_base='build', install_base='install', merge_install=False, symlink_install=False, test_result_base=None, continue_on_error=False, executor='parallel', parallel_workers=16, event_handlers=None, ignore_user_meta=False, metas=['./colcon.meta'], base_paths=['.'], packages_ignore=None, packages_ignore_regex=None, paths=None, packages_up_to=None, packages_up_to_regex=None, packages_above=None, packages_above_and_dependencies=None, packages_above_depth=None, packages_select_by_dep=None, packages_skip_by_dep=None, packages_skip_up_to=None, packages_select_build_failed=False, packages_skip_build_finished=False, packages_select_test_failures=False, packages_skip_test_passed=False, packages_select=None, packages_skip=None, packages_select_regex=None, packages_skip_regex=None, packages_start=None, packages_end=None, allow_overriding=[], cmake_args=None, cmake_target=None, cmake_target_skip_unavailable=False, cmake_clean_cache=False, cmake_clean_first=False, cmake_force_configure=False, ament_cmake_args=None, catkin_cmake_args=None, catkin_skip_building_tests=False, verb_parser=<colcon_defaults.argument_parser.defaults.DefaultArgumentsDecorator object at 0x7ff869327dc0>, verb_extension=<colcon_core.verb.build.BuildVerb object at 0x7ff869327880>, main=<bound method BuildVerb.main of <colcon_core.verb.build.BuildVerb object at 0x7ff869327880>>)
[0.527s] Level 1:colcon.colcon_core.package_discovery:discover_packages(colcon_meta) check parameters
[0.527s] Level 1:colcon.colcon_core.package_discovery:discover_packages(recursive) check parameters
[0.527s] Level 1:colcon.colcon_core.package_discovery:discover_packages(ignore) check parameters
[0.527s] Level 1:colcon.colcon_core.package_discovery:discover_packages(path) check parameters
[0.527s] Level 1:colcon.colcon_core.package_discovery:discover_packages(colcon_meta) discover
[0.527s] Level 1:colcon.colcon_core.package_discovery:discover_packages(recursive) discover
[0.527s] INFO:colcon.colcon_core.package_discovery:Crawling recursively for packages in '/home/kyw10987/workspace'
[0.527s] Level 1:colcon.colcon_core.package_identification:_identify(.) by extensions ['ignore', 'ignore_ament_install']
[0.527s] Level 1:colcon.colcon_core.package_identification:_identify(.) by extension 'ignore'
[0.528s] Level 1:colcon.colcon_core.package_identification:_identify(.) by extension 'ignore_ament_install'
[0.528s] Level 1:colcon.colcon_core.package_identification:_identify(.) by extensions ['colcon_pkg']
[0.528s] Level 1:colcon.colcon_core.package_identification:_identify(.) by extension 'colcon_pkg'
[0.528s] Level 1:colcon.colcon_core.package_identification:_identify(.) by extensions ['colcon_meta']
[0.528s] Level 1:colcon.colcon_core.package_identification:_identify(.) by extension 'colcon_meta'
[0.528s] Level 1:colcon.colcon_core.package_identification:_identify(.) by extensions ['ros']
[0.528s] Level 1:colcon.colcon_core.package_identification:_identify(.) by extension 'ros'
[0.540s] Level 1:colcon.colcon_core.package_identification:_identify(.) by extensions ['cmake', 'python']
[0.540s] Level 1:colcon.colcon_core.package_identification:_identify(.) by extension 'cmake'
[0.540s] Level 1:colcon.colcon_core.package_identification:_identify(.) by extension 'python'
[0.540s] Level 1:colcon.colcon_core.package_identification:_identify(.) by extensions ['python_setup_py']
[0.540s] Level 1:colcon.colcon_core.package_identification:_identify(.) by extension 'python_setup_py'
[0.540s] Level 1:colcon.colcon_core.package_identification:_identify(build) by extensions ['ignore', 'ignore_ament_install']
[0.540s] Level 1:colcon.colcon_core.package_identification:_identify(build) by extension 'ignore'
[0.540s] Level 1:colcon.colcon_core.package_identification:_identify(build) ignored
[0.540s] Level 1:colcon.colcon_core.package_identification:_identify(install) by extensions ['ignore', 'ignore_ament_install']
[0.540s] Level 1:colcon.colcon_core.package_identification:_identify(install) by extension 'ignore'
[0.540s] Level 1:colcon.colcon_core.package_identification:_identify(install) ignored
[0.540s] Level 1:colcon.colcon_core.package_identification:_identify(log) by extensions ['ignore', 'ignore_ament_install']
[0.540s] Level 1:colcon.colcon_core.package_identification:_identify(log) by extension 'ignore'
[0.540s] Level 1:colcon.colcon_core.package_identification:_identify(log) ignored
[0.540s] Level 1:colcon.colcon_core.package_identification:_identify(src) by extensions ['ignore', 'ignore_ament_install']
[0.540s] Level 1:colcon.colcon_core.package_identification:_identify(src) by extension 'ignore'
[0.540s] Level 1:colcon.colcon_core.package_identification:_identify(src) by extension 'ignore_ament_install'
[0.540s] Level 1:colcon.colcon_core.package_identification:_identify(src) by extensions ['colcon_pkg']
[0.540s] Level 1:colcon.colcon_core.package_identification:_identify(src) by extension 'colcon_pkg'
[0.540s] Level 1:colcon.colcon_core.package_identification:_identify(src) by extensions ['colcon_meta']
[0.540s] Level 1:colcon.colcon_core.package_identification:_identify(src) by extension 'colcon_meta'
[0.540s] Level 1:colcon.colcon_core.package_identification:_identify(src) by extensions ['ros']
[0.540s] Level 1:colcon.colcon_core.package_identification:_identify(src) by extension 'ros'
[0.540s] Level 1:colcon.colcon_core.package_identification:_identify(src) by extensions ['cmake', 'python']
[0.540s] Level 1:colcon.colcon_core.package_identification:_identify(src) by extension 'cmake'
[0.540s] Level 1:colcon.colcon_core.package_identification:_identify(src) by extension 'python'
[0.540s] Level 1:colcon.colcon_core.package_identification:_identify(src) by extensions ['python_setup_py']
[0.540s] Level 1:colcon.colcon_core.package_identification:_identify(src) by extension 'python_setup_py'
[0.540s] Level 1:colcon.colcon_core.package_identification:_identify(src/integration) by extensions ['ignore', 'ignore_ament_install']
[0.541s] Level 1:colcon.colcon_core.package_identification:_identify(src/integration) by extension 'ignore'
[0.541s] Level 1:colcon.colcon_core.package_identification:_identify(src/integration) by extension 'ignore_ament_install'
[0.541s] Level 1:colcon.colcon_core.package_identification:_identify(src/integration) by extensions ['colcon_pkg']
[0.541s] Level 1:colcon.colcon_core.package_identification:_identify(src/integration) by extension 'colcon_pkg'
[0.541s] Level 1:colcon.colcon_core.package_identification:_identify(src/integration) by extensions ['colcon_meta']
[0.541s] Level 1:colcon.colcon_core.package_identification:_identify(src/integration) by extension 'colcon_meta'
[0.541s] Level 1:colcon.colcon_core.package_identification:_identify(src/integration) by extensions ['ros']
[0.541s] Level 1:colcon.colcon_core.package_identification:_identify(src/integration) by extension 'ros'
[0.544s] DEBUG:colcon.colcon_core.package_identification:Package 'src/integration' with type 'ros.ament_python' and name 'integration'
[0.544s] Level 1:colcon.colcon_core.package_identification:_identify(src/joystick_control) by extensions ['ignore', 'ignore_ament_install']
[0.544s] Level 1:colcon.colcon_core.package_identification:_identify(src/joystick_control) by extension 'ignore'
[0.544s] Level 1:colcon.colcon_core.package_identification:_identify(src/joystick_control) by extension 'ignore_ament_install'
[0.544s] Level 1:colcon.colcon_core.package_identification:_identify(src/joystick_control) by extensions ['colcon_pkg']
[0.544s] Level 1:colcon.colcon_core.package_identification:_identify(src/joystick_control) by extension 'colcon_pkg'
[0.544s] Level 1:colcon.colcon_core.package_identification:_identify(src/joystick_control) by extensions ['colcon_meta']
[0.544s] Level 1:colcon.colcon_core.package_identification:_identify(src/joystick_control) by extension 'colcon_meta'
[0.544s] Level 1:colcon.colcon_core.package_identification:_identify(src/joystick_control) by extensions ['ros']
[0.544s] Level 1:colcon.colcon_core.package_identification:_identify(src/joystick_control) by extension 'ros'
[0.546s] DEBUG:colcon.colcon_core.package_identification:Package 'src/joystick_control' with type 'ros.ament_python' and name 'joystick_control'
[0.546s] Level 1:colcon.colcon_core.package_identification:_identify(src/motor_controller) by extensions ['ignore', 'ignore_ament_install']
[0.546s] Level 1:colcon.colcon_core.package_identification:_identify(src/motor_controller) by extension 'ignore'
[0.546s] Level 1:colcon.colcon_core.package_identification:_identify(src/motor_controller) by extension 'ignore_ament_install'
[0.546s] Level 1:colcon.colcon_core.package_identification:_identify(src/motor_controller) by extensions ['colcon_pkg']
[0.546s] Level 1:colcon.colcon_core.package_identification:_identify(src/motor_controller) by extension 'colcon_pkg'
[0.546s] Level 1:colcon.colcon_core.package_identification:_identify(src/motor_controller) by extensions ['colcon_meta']
[0.547s] Level 1:colcon.colcon_core.package_identification:_identify(src/motor_controller) by extension 'colcon_meta'
[0.547s] Level 1:colcon.colcon_core.package_identification:_identify(src/motor_controller) by extensions ['ros']
[0.547s] Level 1:colcon.colcon_core.package_identification:_identify(src/motor_controller) by extension 'ros'
[0.547s] DEBUG:colcon.colcon_core.package_identification:Package 'src/motor_controller' with type 'ros.ament_python' and name 'motor_controller'
[0.547s] Level 1:colcon.colcon_core.package_discovery:discover_packages(recursive) using defaults
[0.547s] Level 1:colcon.colcon_core.package_discovery:discover_packages(ignore) discover
[0.547s] Level 1:colcon.colcon_core.package_discovery:discover_packages(ignore) using defaults
[0.547s] Level 1:colcon.colcon_core.package_discovery:discover_packages(path) discover
[0.547s] Level 1:colcon.colcon_core.package_discovery:discover_packages(path) using defaults
[0.576s] Level 1:colcon.colcon_core.package_discovery:discover_packages(prefix_path) check parameters
[0.576s] Level 1:colcon.colcon_core.package_discovery:discover_packages(prefix_path) discover
[0.580s] DEBUG:colcon.colcon_installed_package_information.package_discovery:Found 5 installed packages in /home/kyw10987/workspace/install
[0.581s] DEBUG:colcon.colcon_installed_package_information.package_discovery:Found 273 installed packages in /opt/ros/humble
[0.582s] Level 1:colcon.colcon_core.package_discovery:discover_packages(prefix_path) using defaults
[0.656s] Level 5:colcon.colcon_core.verb:set package 'integration' build argument 'cmake_args' from command line to 'None'
[0.656s] Level 5:colcon.colcon_core.verb:set package 'integration' build argument 'cmake_target' from command line to 'None'
[0.656s] Level 5:colcon.colcon_core.verb:set package 'integration' build argument 'cmake_target_skip_unavailable' from command line to 'False'
[0.656s] Level 5:colcon.colcon_core.verb:set package 'integration' build argument 'cmake_clean_cache' from command line to 'False'
[0.656s] Level 5:colcon.colcon_core.verb:set package 'integration' build argument 'cmake_clean_first' from command line to 'False'
[0.656s] Level 5:colcon.colcon_core.verb:set package 'integration' build argument 'cmake_force_configure' from command line to 'False'
[0.656s] Level 5:colcon.colcon_core.verb:set package 'integration' build argument 'ament_cmake_args' from command line to 'None'
[0.656s] Level 5:colcon.colcon_core.verb:set package 'integration' build argument 'catkin_cmake_args' from command line to 'None'
[0.656s] Level 5:colcon.colcon_core.verb:set package 'integration' build argument 'catkin_skip_building_tests' from command line to 'False'
[0.656s] DEBUG:colcon.colcon_core.verb:Building package 'integration' with the following arguments: {'ament_cmake_args': None, 'build_base': '/home/kyw10987/workspace/build/integration', 'catkin_cmake_args': None, 'catkin_skip_building_tests': False, 'cmake_args': None, 'cmake_clean_cache': False, 'cmake_clean_first': False, 'cmake_force_configure': False, 'cmake_target': None, 'cmake_target_skip_unavailable': False, 'install_base': '/home/kyw10987/workspace/install/integration', 'merge_install': False, 'path': '/home/kyw10987/workspace/src/integration', 'symlink_install': False, 'test_result_base': None}
[0.656s] Level 5:colcon.colcon_core.verb:set package 'joystick_control' build argument 'cmake_args' from command line to 'None'
[0.656s] Level 5:colcon.colcon_core.verb:set package 'joystick_control' build argument 'cmake_target' from command line to 'None'
[0.656s] Level 5:colcon.colcon_core.verb:set package 'joystick_control' build argument 'cmake_target_skip_unavailable' from command line to 'False'
[0.656s] Level 5:colcon.colcon_core.verb:set package 'joystick_control' build argument 'cmake_clean_cache' from command line to 'False'
[0.656s] Level 5:colcon.colcon_core.verb:set package 'joystick_control' build argument 'cmake_clean_first' from command line to 'False'
[0.656s] Level 5:colcon.colcon_core.verb:set package 'joystick_control' build argument 'cmake_force_configure' from command line to 'False'
[0.656s] Level 5:colcon.colcon_core.verb:set package 'joystick_control' build argument 'ament_cmake_args' from command line to 'None'
[0.656s] Level 5:colcon.colcon_core.verb:set package 'joystick_control' build argument 'catkin_cmake_args' from command line to 'None'
[0.656s] Level 5:colcon.colcon_core.verb:set package 'joystick_control' build argument 'catkin_skip_building_tests' from command line to 'False'
[0.656s] DEBUG:colcon.colcon_core.verb:Building package 'joystick_control' with the following arguments: {'ament_cmake_args': None, 'build_base': '/home/kyw10987/workspace/build/joystick_control', 'catkin_cmake_args': None, 'catkin_skip_building_tests': False, 'cmake_args': None, 'cmake_clean_cache': False, 'cmake_clean_first': False, 'cmake_force_configure': False, 'cmake_target': None, 'cmake_target_skip_unavailable': False, 'install_base': '/home/kyw10987/workspace/install/joystick_control', 'merge_install': False, 'path': '/home/kyw10987/workspace/src/joystick_control', 'symlink_install': False, 'test_result_base': None}
[0.656s] Level 5:colcon.colcon_core.verb:set package 'motor_controller' build argument 'cmake_args' from command line to 'None'
[0.656s] Level 5:colcon.colcon_core.verb:set package 'motor_controller' build argument 'cmake_target' from command line to 'None'
[0.656s] Level 5:colcon.colcon_core.verb:set package 'motor_controller' build argument 'cmake_target_skip_unavailable' from command line to 'False'
[0.656s] Level 5:colcon.colcon_core.verb:set package 'motor_controller' build argument 'cmake_clean_cache' from command line to 'False'
[0.656s] Level 5:colcon.colcon_core.verb:set package 'motor_controller' build argument 'cmake_clean_first' from command line to 'False'
[0.656s] Level 5:colcon.colcon_core.verb:set package 'motor_controller' build argument 'cmake_force_configure' from command line to 'False'
[0.656s] Level 5:colcon.colcon_core.verb:set package 'motor_controller' build argument 'ament_cmake_args' from command line to 'None'
[0.656s] Level 5:colcon.colcon_core.verb:set package 'motor_controller' build argument 'catkin_cmake_args' from command line to 'None'
[0.656s] Level 5:colcon.colcon_core.verb:set package 'motor_controller' build argument 'catkin_skip_building_tests' from command line to 'False'
[0.656s] DEBUG:colcon.colcon_core.verb:Building package 'motor_controller' with the following arguments: {'ament_cmake_args': None, 'build_base': '/home/kyw10987/workspace/build/motor_controller', 'catkin_cmake_args': None, 'catkin_skip_building_tests': False, 'cmake_args': None, 'cmake_clean_cache': False, 'cmake_clean_first': False, 'cmake_force_configure': False, 'cmake_target': None, 'cmake_target_skip_unavailable': False, 'install_base': '/home/kyw10987/workspace/install/motor_controller', 'merge_install': False, 'path': '/home/kyw10987/workspace/src/motor_controller', 'symlink_install': False, 'test_result_base': None}
[0.656s] INFO:colcon.colcon_core.executor:Executing jobs using 'parallel' executor
[0.657s] DEBUG:colcon.colcon_parallel_executor.executor.parallel:run_until_complete
[0.657s] INFO:colcon.colcon_ros.task.ament_python.build:Building ROS package in '/home/kyw10987/workspace/src/integration' with build type 'ament_python'
[0.658s] Level 1:colcon.colcon_core.shell:create_environment_hook('integration', 'ament_prefix_path')
[0.661s] INFO:colcon.colcon_core.plugin_system:Skipping extension 'colcon_core.shell.bat': Not used on non-Windows systems
[0.661s] INFO:colcon.colcon_core.shell:Creating environment hook '/home/kyw10987/workspace/install/integration/share/integration/hook/ament_prefix_path.ps1'
[0.663s] INFO:colcon.colcon_core.shell:Creating environment descriptor '/home/kyw10987/workspace/install/integration/share/integration/hook/ament_prefix_path.dsv'
[0.663s] INFO:colcon.colcon_core.shell:Creating environment hook '/home/kyw10987/workspace/install/integration/share/integration/hook/ament_prefix_path.sh'
[0.664s] INFO:colcon.colcon_core.shell:Skip shell extension 'powershell' for command environment: Not usable outside of PowerShell
[0.664s] DEBUG:colcon.colcon_core.shell:Skip shell extension 'dsv' for command environment
[0.670s] INFO:colcon.colcon_ros.task.ament_python.build:Building ROS package in '/home/kyw10987/workspace/src/joystick_control' with build type 'ament_python'
[0.670s] Level 1:colcon.colcon_core.shell:create_environment_hook('joystick_control', 'ament_prefix_path')
[0.670s] INFO:colcon.colcon_core.shell:Creating environment hook '/home/kyw10987/workspace/install/joystick_control/share/joystick_control/hook/ament_prefix_path.ps1'
[0.672s] INFO:colcon.colcon_core.shell:Creating environment descriptor '/home/kyw10987/workspace/install/joystick_control/share/joystick_control/hook/ament_prefix_path.dsv'
[0.672s] INFO:colcon.colcon_core.shell:Creating environment hook '/home/kyw10987/workspace/install/joystick_control/share/joystick_control/hook/ament_prefix_path.sh'
[0.672s] INFO:colcon.colcon_core.shell:Skip shell extension 'powershell' for command environment: Not usable outside of PowerShell
[0.673s] DEBUG:colcon.colcon_core.shell:Skip shell extension 'dsv' for command environment
[0.674s] INFO:colcon.colcon_ros.task.ament_python.build:Building ROS package in '/home/kyw10987/workspace/src/motor_controller' with build type 'ament_python'
[0.674s] Level 1:colcon.colcon_core.shell:create_environment_hook('motor_controller', 'ament_prefix_path')
[0.674s] INFO:colcon.colcon_core.shell:Creating environment hook '/home/kyw10987/workspace/install/motor_controller/share/motor_controller/hook/ament_prefix_path.ps1'
[0.676s] INFO:colcon.colcon_core.shell:Creating environment descriptor '/home/kyw10987/workspace/install/motor_controller/share/motor_controller/hook/ament_prefix_path.dsv'
[0.676s] INFO:colcon.colcon_core.shell:Creating environment hook '/home/kyw10987/workspace/install/motor_controller/share/motor_controller/hook/ament_prefix_path.sh'
[0.676s] INFO:colcon.colcon_core.shell:Skip shell extension 'powershell' for command environment: Not usable outside of PowerShell
[0.676s] DEBUG:colcon.colcon_core.shell:Skip shell extension 'dsv' for command environment
[0.796s] INFO:colcon.colcon_core.task.python.build:Building Python package in '/home/kyw10987/workspace/src/integration'
[0.797s] INFO:colcon.colcon_core.shell:Skip shell extension 'powershell' for command environment: Not usable outside of PowerShell
[0.797s] DEBUG:colcon.colcon_core.shell:Skip shell extension 'dsv' for command environment
[0.913s] INFO:colcon.colcon_core.task.python.build:Building Python package in '/home/kyw10987/workspace/src/joystick_control'
[0.913s] INFO:colcon.colcon_core.shell:Skip shell extension 'powershell' for command environment: Not usable outside of PowerShell
[0.913s] DEBUG:colcon.colcon_core.shell:Skip shell extension 'dsv' for command environment
[1.032s] INFO:colcon.colcon_core.task.python.build:Building Python package in '/home/kyw10987/workspace/src/motor_controller'
[1.032s] INFO:colcon.colcon_core.shell:Skip shell extension 'powershell' for command environment: Not usable outside of PowerShell
[1.032s] DEBUG:colcon.colcon_core.shell:Skip shell extension 'dsv' for command environment
[1.365s] DEBUG:colcon.colcon_core.event_handler.log_command:Invoking command in '/home/kyw10987/workspace/src/integration': PYTHONPATH=/home/kyw10987/workspace/build/integration/prefix_override:/usr/lib/python3/dist-packages/colcon_core/task/python/colcon_distutils_commands:/home/kyw10987/workspace/install/integration/lib/python3.10/site-packages:${PYTHONPATH} /usr/bin/python3 -W ignore:setup.py install is deprecated -W ignore:easy_install command is deprecated setup.py egg_info --egg-base ../../build/integration build --build-base /home/kyw10987/workspace/build/integration/build install --record /home/kyw10987/workspace/build/integration/install.log --single-version-externally-managed install_data
[1.370s] DEBUG:colcon.colcon_core.event_handler.log_command:Invoking command in '/home/kyw10987/workspace/src/joystick_control': PYTHONPATH=/home/kyw10987/workspace/build/joystick_control/prefix_override:/usr/lib/python3/dist-packages/colcon_core/task/python/colcon_distutils_commands:/home/kyw10987/workspace/install/joystick_control/lib/python3.10/site-packages:${PYTHONPATH} /usr/bin/python3 -W ignore:setup.py install is deprecated -W ignore:easy_install command is deprecated setup.py egg_info --egg-base ../../build/joystick_control build --build-base /home/kyw10987/workspace/build/joystick_control/build install --record /home/kyw10987/workspace/build/joystick_control/install.log --single-version-externally-managed install_data
[1.371s] DEBUG:colcon.colcon_core.event_handler.log_command:Invoking command in '/home/kyw10987/workspace/src/motor_controller': PYTHONPATH=/home/kyw10987/workspace/build/motor_controller/prefix_override:/usr/lib/python3/dist-packages/colcon_core/task/python/colcon_distutils_commands:/home/kyw10987/workspace/install/motor_controller/lib/python3.10/site-packages:${PYTHONPATH} /usr/bin/python3 -W ignore:setup.py install is deprecated -W ignore:easy_install command is deprecated setup.py egg_info --egg-base ../../build/motor_controller build --build-base /home/kyw10987/workspace/build/motor_controller/build install --record /home/kyw10987/workspace/build/motor_controller/install.log --single-version-externally-managed install_data
[1.513s] DEBUG:colcon.colcon_core.event_handler.log_command:Invoked command in '/home/kyw10987/workspace/src/integration' returned '0': PYTHONPATH=/home/kyw10987/workspace/build/integration/prefix_override:/usr/lib/python3/dist-packages/colcon_core/task/python/colcon_distutils_commands:/home/kyw10987/workspace/install/integration/lib/python3.10/site-packages:${PYTHONPATH} /usr/bin/python3 -W ignore:setup.py install is deprecated -W ignore:easy_install command is deprecated setup.py egg_info --egg-base ../../build/integration build --build-base /home/kyw10987/workspace/build/integration/build install --record /home/kyw10987/workspace/build/integration/install.log --single-version-externally-managed install_data
[1.519s] Level 1:colcon.colcon_core.environment:checking '/home/kyw10987/workspace/install/integration' for CMake module files
[1.519s] Level 1:colcon.colcon_core.environment:checking '/home/kyw10987/workspace/install/integration' for CMake config files
[1.520s] Level 1:colcon.colcon_core.environment:checking '/home/kyw10987/workspace/install/integration/lib'
[1.520s] Level 1:colcon.colcon_core.environment:checking '/home/kyw10987/workspace/install/integration/bin'
[1.520s] Level 1:colcon.colcon_core.environment:checking '/home/kyw10987/workspace/install/integration/lib/pkgconfig/integration.pc'
[1.520s] Level 1:colcon.colcon_core.environment:checking '/home/kyw10987/workspace/install/integration/lib/python3.10/site-packages'
[1.520s] Level 1:colcon.colcon_core.shell:create_environment_hook('integration', 'pythonpath')
[1.520s] INFO:colcon.colcon_core.shell:Creating environment hook '/home/kyw10987/workspace/install/integration/share/integration/hook/pythonpath.ps1'
[1.520s] INFO:colcon.colcon_core.shell:Creating environment descriptor '/home/kyw10987/workspace/install/integration/share/integration/hook/pythonpath.dsv'
[1.521s] INFO:colcon.colcon_core.shell:Creating environment hook '/home/kyw10987/workspace/install/integration/share/integration/hook/pythonpath.sh'
[1.521s] Level 1:colcon.colcon_core.environment:checking '/home/kyw10987/workspace/install/integration/bin'
[1.521s] Level 1:colcon.colcon_core.environment:create_environment_scripts_only(integration)
[1.521s] INFO:colcon.colcon_core.shell:Creating package script '/home/kyw10987/workspace/install/integration/share/integration/package.ps1'
[1.522s] INFO:colcon.colcon_core.shell:Creating package descriptor '/home/kyw10987/workspace/install/integration/share/integration/package.dsv'
[1.522s] INFO:colcon.colcon_core.shell:Creating package script '/home/kyw10987/workspace/install/integration/share/integration/package.sh'
[1.523s] INFO:colcon.colcon_core.shell:Creating package script '/home/kyw10987/workspace/install/integration/share/integration/package.bash'
[1.524s] INFO:colcon.colcon_core.shell:Creating package script '/home/kyw10987/workspace/install/integration/share/integration/package.zsh'
[1.524s] Level 1:colcon.colcon_core.environment:create_file_with_runtime_dependencies(/home/kyw10987/workspace/install/integration/share/colcon-core/packages/integration)
[1.526s] Level 1:colcon.colcon_core.environment:checking '/home/kyw10987/workspace/install/motor_controller' for CMake module files
[1.526s] DEBUG:colcon.colcon_core.event_handler.log_command:Invoked command in '/home/kyw10987/workspace/src/motor_controller' returned '0': PYTHONPATH=/home/kyw10987/workspace/build/motor_controller/prefix_override:/usr/lib/python3/dist-packages/colcon_core/task/python/colcon_distutils_commands:/home/kyw10987/workspace/install/motor_controller/lib/python3.10/site-packages:${PYTHONPATH} /usr/bin/python3 -W ignore:setup.py install is deprecated -W ignore:easy_install command is deprecated setup.py egg_info --egg-base ../../build/motor_controller build --build-base /home/kyw10987/workspace/build/motor_controller/build install --record /home/kyw10987/workspace/build/motor_controller/install.log --single-version-externally-managed install_data
[1.527s] Level 1:colcon.colcon_core.environment:checking '/home/kyw10987/workspace/install/motor_controller' for CMake config files
[1.527s] Level 1:colcon.colcon_core.environment:checking '/home/kyw10987/workspace/install/motor_controller/lib'
[1.527s] Level 1:colcon.colcon_core.environment:checking '/home/kyw10987/workspace/install/motor_controller/bin'
[1.527s] Level 1:colcon.colcon_core.environment:checking '/home/kyw10987/workspace/install/motor_controller/lib/pkgconfig/motor_controller.pc'
[1.527s] Level 1:colcon.colcon_core.environment:checking '/home/kyw10987/workspace/install/motor_controller/lib/python3.10/site-packages'
[1.527s] Level 1:colcon.colcon_core.shell:create_environment_hook('motor_controller', 'pythonpath')
[1.528s] INFO:colcon.colcon_core.shell:Creating environment hook '/home/kyw10987/workspace/install/motor_controller/share/motor_controller/hook/pythonpath.ps1'
[1.528s] INFO:colcon.colcon_core.shell:Creating environment descriptor '/home/kyw10987/workspace/install/motor_controller/share/motor_controller/hook/pythonpath.dsv'
[1.528s] INFO:colcon.colcon_core.shell:Creating environment hook '/home/kyw10987/workspace/install/motor_controller/share/motor_controller/hook/pythonpath.sh'
[1.528s] Level 1:colcon.colcon_core.environment:checking '/home/kyw10987/workspace/install/motor_controller/bin'
[1.528s] Level 1:colcon.colcon_core.environment:create_environment_scripts_only(motor_controller)
[1.528s] INFO:colcon.colcon_core.shell:Creating package script '/home/kyw10987/workspace/install/motor_controller/share/motor_controller/package.ps1'
[1.529s] INFO:colcon.colcon_core.shell:Creating package descriptor '/home/kyw10987/workspace/install/motor_controller/share/motor_controller/package.dsv'
[1.529s] INFO:colcon.colcon_core.shell:Creating package script '/home/kyw10987/workspace/install/motor_controller/share/motor_controller/package.sh'
[1.529s] INFO:colcon.colcon_core.shell:Creating package script '/home/kyw10987/workspace/install/motor_controller/share/motor_controller/package.bash'
[1.529s] INFO:colcon.colcon_core.shell:Creating package script '/home/kyw10987/workspace/install/motor_controller/share/motor_controller/package.zsh'
[1.529s] Level 1:colcon.colcon_core.environment:create_file_with_runtime_dependencies(/home/kyw10987/workspace/install/motor_controller/share/colcon-core/packages/motor_controller)
[1.530s] Level 1:colcon.colcon_core.environment:checking '/home/kyw10987/workspace/install/joystick_control' for CMake module files
[1.530s] DEBUG:colcon.colcon_core.event_handler.log_command:Invoked command in '/home/kyw10987/workspace/src/joystick_control' returned '0': PYTHONPATH=/home/kyw10987/workspace/build/joystick_control/prefix_override:/usr/lib/python3/dist-packages/colcon_core/task/python/colcon_distutils_commands:/home/kyw10987/workspace/install/joystick_control/lib/python3.10/site-packages:${PYTHONPATH} /usr/bin/python3 -W ignore:setup.py install is deprecated -W ignore:easy_install command is deprecated setup.py egg_info --egg-base ../../build/joystick_control build --build-base /home/kyw10987/workspace/build/joystick_control/build install --record /home/kyw10987/workspace/build/joystick_control/install.log --single-version-externally-managed install_data
[1.530s] Level 1:colcon.colcon_core.environment:checking '/home/kyw10987/workspace/install/joystick_control' for CMake config files
[1.531s] Level 1:colcon.colcon_core.environment:checking '/home/kyw10987/workspace/install/joystick_control/lib'
[1.531s] Level 1:colcon.colcon_core.environment:checking '/home/kyw10987/workspace/install/joystick_control/bin'
[1.531s] Level 1:colcon.colcon_core.environment:checking '/home/kyw10987/workspace/install/joystick_control/lib/pkgconfig/joystick_control.pc'
[1.531s] Level 1:colcon.colcon_core.environment:checking '/home/kyw10987/workspace/install/joystick_control/lib/python3.10/site-packages'
[1.531s] Level 1:colcon.colcon_core.shell:create_environment_hook('joystick_control', 'pythonpath')
[1.531s] INFO:colcon.colcon_core.shell:Creating environment hook '/home/kyw10987/workspace/install/joystick_control/share/joystick_control/hook/pythonpath.ps1'
[1.531s] INFO:colcon.colcon_core.shell:Creating environment descriptor '/home/kyw10987/workspace/install/joystick_control/share/joystick_control/hook/pythonpath.dsv'
[1.532s] INFO:colcon.colcon_core.shell:Creating environment hook '/home/kyw10987/workspace/install/joystick_control/share/joystick_control/hook/pythonpath.sh'
[1.532s] Level 1:colcon.colcon_core.environment:checking '/home/kyw10987/workspace/install/joystick_control/bin'
[1.532s] Level 1:colcon.colcon_core.environment:create_environment_scripts_only(joystick_control)
[1.532s] INFO:colcon.colcon_core.shell:Creating package script '/home/kyw10987/workspace/install/joystick_control/share/joystick_control/package.ps1'
[1.532s] INFO:colcon.colcon_core.shell:Creating package descriptor '/home/kyw10987/workspace/install/joystick_control/share/joystick_control/package.dsv'
[1.533s] INFO:colcon.colcon_core.shell:Creating package script '/home/kyw10987/workspace/install/joystick_control/share/joystick_control/package.sh'
[1.533s] INFO:colcon.colcon_core.shell:Creating package script '/home/kyw10987/workspace/install/joystick_control/share/joystick_control/package.bash'
[1.533s] INFO:colcon.colcon_core.shell:Creating package script '/home/kyw10987/workspace/install/joystick_control/share/joystick_control/package.zsh'
[1.533s] Level 1:colcon.colcon_core.environment:create_file_with_runtime_dependencies(/home/kyw10987/workspace/install/joystick_control/share/colcon-core/packages/joystick_control)
[1.533s] DEBUG:colcon.colcon_parallel_executor.executor.parallel:closing loop
[1.534s] DEBUG:colcon.colcon_parallel_executor.executor.parallel:loop closed
[1.534s] DEBUG:colcon.colcon_parallel_executor.executor.parallel:run_until_complete finished with '0'
[1.534s] DEBUG:colcon.colcon_core.event_reactor:joining thread
[1.564s] INFO:colcon.colcon_core.plugin_system:Skipping extension 'colcon_notification.desktop_notification.notify_send': Could not find 'notify-send'
[1.564s] INFO:colcon.colcon_core.plugin_system:Skipping extension 'colcon_notification.desktop_notification.terminal_notifier': Not used on non-Darwin systems
[1.564s] INFO:colcon.colcon_core.plugin_system:Skipping extension 'colcon_notification.desktop_notification.win32': Not used on non-Windows systems
[1.564s] INFO:colcon.colcon_notification.desktop_notification:Sending desktop notification using 'notify2'
[1.564s] DEBUG:colcon.colcon_notification.desktop_notification.notify2:Failed to initialize notify2: org.freedesktop.DBus.Error.FileNotFound: Failed to connect to socket /run/user/1000/bus: No such file or directory
[1.564s] DEBUG:colcon.colcon_core.event_reactor:joined thread
[1.565s] INFO:colcon.colcon_core.shell:Creating prefix script '/home/kyw10987/workspace/install/local_setup.ps1'
[1.565s] INFO:colcon.colcon_core.shell:Creating prefix util module '/home/kyw10987/workspace/install/_local_setup_util_ps1.py'
[1.567s] INFO:colcon.colcon_core.shell:Creating prefix chain script '/home/kyw10987/workspace/install/setup.ps1'
[1.568s] INFO:colcon.colcon_core.shell:Creating prefix script '/home/kyw10987/workspace/install/local_setup.sh'
[1.569s] INFO:colcon.colcon_core.shell:Creating prefix util module '/home/kyw10987/workspace/install/_local_setup_util_sh.py'
[1.569s] INFO:colcon.colcon_core.shell:Creating prefix chain script '/home/kyw10987/workspace/install/setup.sh'
[1.570s] INFO:colcon.colcon_core.shell:Creating prefix script '/home/kyw10987/workspace/install/local_setup.bash'
[1.570s] INFO:colcon.colcon_core.shell:Creating prefix chain script '/home/kyw10987/workspace/install/setup.bash'
[1.571s] INFO:colcon.colcon_core.shell:Creating prefix script '/home/kyw10987/workspace/install/local_setup.zsh'
[1.572s] INFO:colcon.colcon_core.shell:Creating prefix chain script '/home/kyw10987/workspace/install/setup.zsh'
