[0.848s] Invoking command in '/home/kyw10987/workspace/src/image_viewer': PYTHONPATH=/home/kyw10987/workspace/build/image_viewer/prefix_override:/usr/lib/python3/dist-packages/colcon_core/task/python/colcon_distutils_commands:/home/kyw10987/workspace/install/image_viewer/lib/python3.10/site-packages:${PYTHONPATH} /usr/bin/python3 -W ignore:setup.py install is deprecated -W ignore:easy_install command is deprecated setup.py egg_info --egg-base ../../build/image_viewer build --build-base /home/kyw10987/workspace/build/image_viewer/build install --record /home/kyw10987/workspace/build/image_viewer/install.log --single-version-externally-managed install_data
[0.975s] running egg_info
[0.976s] writing ../../build/image_viewer/image_viewer.egg-info/PKG-INFO
[0.977s] writing dependency_links to ../../build/image_viewer/image_viewer.egg-info/dependency_links.txt
[0.977s] writing entry points to ../../build/image_viewer/image_viewer.egg-info/entry_points.txt
[0.978s] writing requirements to ../../build/image_viewer/image_viewer.egg-info/requires.txt
[0.978s] writing top-level names to ../../build/image_viewer/image_viewer.egg-info/top_level.txt
[0.980s] reading manifest file '../../build/image_viewer/image_viewer.egg-info/SOURCES.txt'
[0.981s] writing manifest file '../../build/image_viewer/image_viewer.egg-info/SOURCES.txt'
[0.981s] running build
[0.981s] running build_py
[0.981s] copying image_viewer/viewer.py -> /home/kyw10987/workspace/build/image_viewer/build/lib/image_viewer
[0.982s] running install
[0.982s] running install_lib
[0.983s] copying /home/kyw10987/workspace/build/image_viewer/build/lib/image_viewer/viewer.py -> /home/kyw10987/workspace/install/image_viewer/lib/python3.10/site-packages/image_viewer
[0.983s] byte-compiling /home/kyw10987/workspace/install/image_viewer/lib/python3.10/site-packages/image_viewer/viewer.py to viewer.cpython-310.pyc
[0.984s] running install_data
[0.984s] running install_egg_info
[0.985s] removing '/home/kyw10987/workspace/install/image_viewer/lib/python3.10/site-packages/image_viewer-0.0.0-py3.10.egg-info' (and everything under it)
[0.985s] Copying ../../build/image_viewer/image_viewer.egg-info to /home/kyw10987/workspace/install/image_viewer/lib/python3.10/site-packages/image_viewer-0.0.0-py3.10.egg-info
[0.986s] running install_scripts
[1.000s] Installing viewer script to /home/kyw10987/workspace/install/image_viewer/lib/image_viewer
[1.000s] writing list of installed files to '/home/kyw10987/workspace/build/image_viewer/install.log'
[1.027s] Invoked command in '/home/kyw10987/workspace/src/image_viewer' returned '0': PYTHONPATH=/home/kyw10987/workspace/build/image_viewer/prefix_override:/usr/lib/python3/dist-packages/colcon_core/task/python/colcon_distutils_commands:/home/kyw10987/workspace/install/image_viewer/lib/python3.10/site-packages:${PYTHONPATH} /usr/bin/python3 -W ignore:setup.py install is deprecated -W ignore:easy_install command is deprecated setup.py egg_info --egg-base ../../build/image_viewer build --build-base /home/kyw10987/workspace/build/image_viewer/build install --record /home/kyw10987/workspace/build/image_viewer/install.log --single-version-externally-managed install_data
